mv: cannot stat 'log.txt': No such file or directory

[notice] A new release of pip is available: 24.2 -> 24.3.1
[notice] To update, run: pip install --upgrade pip
wandb: Currently logged in as: eirikreiestad (eirikreiestad-ntnu). Use `wandb login --relogin` to force relogin
wandb: Using wandb-core as the SDK backend.  Please refer to https://wandb.me/wandb-core for more information.
wandb: Currently logged in as: eirikreiestad (eirikreiestad-ntnu). Use `wandb login --relogin` to force relogin
wandb: Tracking run with wandb version 0.19.1
wandb: Run data is saved locally in ./wandb/run-20250115_141001-lywmtce1
wandb: Run `wandb offline` to turn off syncing.
wandb: Syncing run true-forest-1
wandb: ⭐️ View project at https://wandb.ai/eirikreiestad-ntnu/test
wandb: 🚀 View run at https://wandb.ai/eirikreiestad-ntnu/test/runs/lywmtce1
Traceback (most recent call last):
  File "/cluster/work/eirre/multigrid/examples/go_to_goal.py", line 56, in <module>
    ppo.learn()
  File "/cluster/work/eirre/multigrid/rllib/algorithms/algorithm.py", line 35, in learn
    self.collect_rollouts()
  File "/cluster/work/eirre/multigrid/rllib/algorithms/algorithm.py", line 57, in collect_rollouts
    self.train_step(
  File "/cluster/work/eirre/multigrid/rllib/algorithms/ppo/ppo.py", line 65, in train_step
    dones = {}
  File "/cluster/work/eirre/multigrid/rllib/algorithms/ppo/ppo.py", line 122, in _optimize_model
    self._policy_net.load_state_dict(model)
        ^^^^^^^^^^^^^^^^^^^^^^^^^^^^
  File "/cluster/work/eirre/multigrid/rllib/algorithms/ppo/ppo.py", line 129, in _optimize_model_batch
    def _get_action(self, action_prob: torch.Tensor) -> int:
            ^^^^^^^^^^^^^^^^^^^^^^^^^^^^^^^^^^^^^
  File "/cluster/work/eirre/multigrid/rllib/algorithms/ppo/ppo.py", line 167, in _optimize_model_minibatch
    dones = zip_dict_list(batch.dones)
                    ^^^^^^^^^^^^^^^^^^^
  File "/cluster/work/eirre/multigrid/rllib/utils/ppo/calculations.py", line 30, in compute_log_probs
  File "/cluster/work/eirre/multigrid/rllib/utils/ppo/calculations.py", line 39, in _compute_log_prob
KeyboardInterrupt
