wandb: Currently logged in as: eirikreiestad (eirikreiestad-ntnu) to https://api.wandb.ai. Use `wandb login --relogin` to force relogin
INFO:root:Downloading models...
wandb:   1 of 1 files downloaded.  
INFO:root:model downloaded at: /cluster/work/eirre/xai-multiworld/artifacts/model_0:v1
INFO:root:Metadata: {'width': 20, 'agents': 15, 'height': 20, 'env_type': 'go-to-goal', 'conv_layers': [32, 64, 64], 'hidden_units': [128, 128], 'network_type': 'MULTI_INPUT', 'eps_threshold': 0.8915423586867928, 'learning_rate': 0.0003, 'preprocessing': 'ohe_minimal'}
INFO:root:Metadata saved at: /cluster/work/eirre/xai-multiworld/artifacts/model_0:v1/metadata.json
wandb:   1 of 1 files downloaded.  
INFO:root:model downloaded at: /cluster/work/eirre/xai-multiworld/artifacts/model_100:v0
INFO:root:Metadata: {'width': 20, 'agents': 15, 'height': 20, 'env_type': 'go-to-goal', 'conv_layers': [32, 64, 64], 'hidden_units': [128, 128], 'network_type': 'MULTI_INPUT', 'eps_threshold': 0.36036106623076675, 'learning_rate': 0.0003, 'preprocessing': 'ohe_minimal'}
INFO:root:Metadata saved at: /cluster/work/eirre/xai-multiworld/artifacts/model_100:v0/metadata.json
wandb:   1 of 1 files downloaded.  
INFO:root:model downloaded at: /cluster/work/eirre/xai-multiworld/artifacts/model_200:v0
INFO:root:Metadata: {'width': 20, 'agents': 15, 'height': 20, 'env_type': 'go-to-goal', 'conv_layers': [32, 64, 64], 'hidden_units': [128, 128], 'network_type': 'MULTI_INPUT', 'eps_threshold': 0.16648777705100634, 'learning_rate': 0.0003, 'preprocessing': 'ohe_minimal'}
INFO:root:Metadata saved at: /cluster/work/eirre/xai-multiworld/artifacts/model_200:v0/metadata.json
wandb:   1 of 1 files downloaded.  
INFO:root:model downloaded at: /cluster/work/eirre/xai-multiworld/artifacts/model_300:v0
INFO:root:Metadata: {'width': 20, 'agents': 15, 'height': 20, 'env_type': 'go-to-goal', 'conv_layers': [32, 64, 64], 'hidden_units': [128, 128], 'network_type': 'MULTI_INPUT', 'eps_threshold': 0.093594733400152, 'learning_rate': 0.0003, 'preprocessing': 'ohe_minimal'}
INFO:root:Metadata saved at: /cluster/work/eirre/xai-multiworld/artifacts/model_300:v0/metadata.json
wandb:   1 of 1 files downloaded.  
INFO:root:model downloaded at: /cluster/work/eirre/xai-multiworld/artifacts/model_400:v0
INFO:root:Metadata: {'width': 20, 'agents': 15, 'height': 20, 'env_type': 'go-to-goal', 'conv_layers': [32, 64, 64], 'hidden_units': [128, 128], 'network_type': 'MULTI_INPUT', 'eps_threshold': 0.06613331436747998, 'learning_rate': 0.0003, 'preprocessing': 'ohe_minimal'}
INFO:root:Metadata saved at: /cluster/work/eirre/xai-multiworld/artifacts/model_400:v0/metadata.json
wandb:   1 of 1 files downloaded.  
INFO:root:model downloaded at: /cluster/work/eirre/xai-multiworld/artifacts/model_500:v0
INFO:root:Metadata: {'width': 20, 'agents': 15, 'height': 20, 'env_type': 'go-to-goal', 'conv_layers': [32, 64, 64], 'hidden_units': [128, 128], 'network_type': 'MULTI_INPUT', 'eps_threshold': 0.05594788889767028, 'learning_rate': 0.0003, 'preprocessing': 'ohe_minimal'}
INFO:root:Metadata saved at: /cluster/work/eirre/xai-multiworld/artifacts/model_500:v0/metadata.json
wandb:   1 of 1 files downloaded.  
INFO:root:model downloaded at: /cluster/work/eirre/xai-multiworld/artifacts/model_600:v0
INFO:root:Metadata: {'width': 20, 'agents': 15, 'height': 20, 'env_type': 'go-to-goal', 'conv_layers': [32, 64, 64], 'hidden_units': [128, 128], 'network_type': 'MULTI_INPUT', 'eps_threshold': 0.05220160436077393, 'learning_rate': 0.0003, 'preprocessing': 'ohe_minimal'}
INFO:root:Metadata saved at: /cluster/work/eirre/xai-multiworld/artifacts/model_600:v0/metadata.json
wandb:   1 of 1 files downloaded.  
INFO:root:model downloaded at: /cluster/work/eirre/xai-multiworld/artifacts/model_700:v0
INFO:root:Metadata: {'width': 20, 'agents': 15, 'height': 20, 'env_type': 'go-to-goal', 'conv_layers': [32, 64, 64], 'hidden_units': [128, 128], 'network_type': 'MULTI_INPUT', 'eps_threshold': 0.05081085693141959, 'learning_rate': 0.0003, 'preprocessing': 'ohe_minimal'}
INFO:root:Metadata saved at: /cluster/work/eirre/xai-multiworld/artifacts/model_700:v0/metadata.json
wandb:   1 of 1 files downloaded.  
INFO:root:model downloaded at: /cluster/work/eirre/xai-multiworld/artifacts/model_800:v0
INFO:root:Metadata: {'width': 20, 'agents': 15, 'height': 20, 'env_type': 'go-to-goal', 'conv_layers': [32, 64, 64], 'hidden_units': [128, 128], 'network_type': 'MULTI_INPUT', 'eps_threshold': 0.05030084393095404, 'learning_rate': 0.0003, 'preprocessing': 'ohe_minimal'}
INFO:root:Metadata saved at: /cluster/work/eirre/xai-multiworld/artifacts/model_800:v0/metadata.json
wandb:   1 of 1 files downloaded.  
INFO:root:model downloaded at: /cluster/work/eirre/xai-multiworld/artifacts/model_900:v0
INFO:root:Metadata: {'width': 20, 'agents': 15, 'height': 20, 'env_type': 'go-to-goal', 'conv_layers': [32, 64, 64], 'hidden_units': [128, 128], 'network_type': 'MULTI_INPUT', 'eps_threshold': 0.05011216731365146, 'learning_rate': 0.0003, 'preprocessing': 'ohe_minimal'}
INFO:root:Metadata saved at: /cluster/work/eirre/xai-multiworld/artifacts/model_900:v0/metadata.json
INFO:root:Creating environment...
INFO:root:Collecting rollouts...
INFO:root:Collcted 0 / 10000 observations
