mv: cannot stat 'log.txt': No such file or directory

[notice] A new release of pip is available: 24.2 -> 24.3.1
[notice] To update, run: pip install --upgrade pip
wandb: Currently logged in as: eirikreiestad (eirikreiestad-ntnu). Use `wandb login --relogin` to force relogin
wandb: Using wandb-core as the SDK backend.  Please refer to https://wandb.me/wandb-core for more information.
wandb: Currently logged in as: eirikreiestad (eirikreiestad-ntnu). Use `wandb login --relogin` to force relogin
wandb: Tracking run with wandb version 0.19.1
wandb: Run data is saved locally in ./wandb/run-20250121_135141-8h9pfa79
wandb: Run `wandb offline` to turn off syncing.
wandb: Syncing run drawn-sun-3
wandb: ⭐️ View project at https://wandb.ai/eirikreiestad-ntnu/test
wandb: 🚀 View run at https://wandb.ai/eirikreiestad-ntnu/test/runs/8h9pfa79
/cluster/work/eirre/multigrid/rllib/utils/ppo/calculations.py:19: UserWarning: Using a target size (torch.Size([3, 64])) that is different to the input size (torch.Size([192])). This will likely lead to incorrect results due to broadcasting. Please ensure they have the same size.
  value_loss = F.mse_loss(values, advantages)
Traceback (most recent call last):
  File "/cluster/work/eirre/multigrid/examples/go_to_goal.py", line 33, in <module>
    ppo.learn()
  File "/cluster/work/eirre/multigrid/rllib/algorithms/algorithm.py", line 35, in learn
    self.collect_rollouts()
  File "/cluster/work/eirre/multigrid/rllib/algorithms/algorithm.py", line 57, in collect_rollouts
    self.train_step(
  File "/cluster/work/eirre/multigrid/rllib/algorithms/ppo/ppo.py", line 85, in train_step
    self._optimize_model()
  File "/cluster/work/eirre/multigrid/rllib/algorithms/ppo/ppo.py", line 153, in _optimize_model
    self._optimize_model_batch()
  File "/cluster/work/eirre/multigrid/rllib/algorithms/ppo/ppo.py", line 161, in _optimize_model_batch
    self._optimize_model_minibatch(batch)
  File "/cluster/work/eirre/multigrid/rllib/algorithms/ppo/ppo.py", line 211, in _optimize_model_minibatch
    policy_loss, value_loss, entropy_loss = ppo_loss(
                                            ^^^^^^^^^
  File "/cluster/work/eirre/multigrid/rllib/utils/ppo/calculations.py", line 19, in ppo_loss
    value_loss = F.mse_loss(values, advantages)
                 ^^^^^^^^^^^^^^^^^^^^^^^^^^^^^^
  File "/cluster/home/eirre/.cache/pypoetry/virtualenvs/multigrid-bWhHBrRx-py3.11/lib/python3.11/site-packages/torch/nn/functional.py", line 3791, in mse_loss
    expanded_input, expanded_target = torch.broadcast_tensors(input, target)
                                      ^^^^^^^^^^^^^^^^^^^^^^^^^^^^^^^^^^^^^^
  File "/cluster/home/eirre/.cache/pypoetry/virtualenvs/multigrid-bWhHBrRx-py3.11/lib/python3.11/site-packages/torch/functional.py", line 76, in broadcast_tensors
    return _VF.broadcast_tensors(tensors)  # type: ignore[attr-defined]
           ^^^^^^^^^^^^^^^^^^^^^^^^^^^^^^
RuntimeError: The size of tensor a (192) must match the size of tensor b (64) at non-singleton dimension 1
