Cleaning up
Running from this directory: /cluster/work/eirre/multigrid
Name of job: multi-agent-rl
ID of job: 21096218
The jo was run on these nodes: idun-05-31

Currently Loaded Modules:
  1) GCCcore/13.2.0                       7) Tcl/8.6.13-GCCcore-13.2.0    (H)
  2) zlib/1.2.13-GCCcore-13.2.0     (H)   8) SQLite/3.43.1-GCCcore-13.2.0 (H)
  3) binutils/2.40-GCCcore-13.2.0   (H)   9) XZ/5.4.4-GCCcore-13.2.0      (H)
  4) bzip2/1.0.8-GCCcore-13.2.0     (H)  10) libffi/3.4.4-GCCcore-13.2.0  (H)
  5) ncurses/6.4-GCCcore-13.2.0     (H)  11) OpenSSL/1.1                  (H)
  6) libreadline/8.2-GCCcore-13.2.0 (H)  12) Python/3.11.5-GCCcore-13.2.0

  Where:
   H:  Hidden Module

 

Defaulting to user installation because normal site-packages is not writeable
Requirement already satisfied: poetry in /cluster/home/eirre/.local/lib/python3.11/site-packages (1.8.3)
Requirement already satisfied: build<2.0.0,>=1.0.3 in /cluster/home/eirre/.local/lib/python3.11/site-packages (from poetry) (1.2.2)
Requirement already satisfied: cachecontrol<0.15.0,>=0.14.0 in /cluster/home/eirre/.local/lib/python3.11/site-packages (from cachecontrol[filecache]<0.15.0,>=0.14.0->poetry) (0.14.0)
Requirement already satisfied: cleo<3.0.0,>=2.1.0 in /cluster/home/eirre/.local/lib/python3.11/site-packages (from poetry) (2.1.0)
Requirement already satisfied: crashtest<0.5.0,>=0.4.1 in /cluster/home/eirre/.local/lib/python3.11/site-packages (from poetry) (0.4.1)
Requirement already satisfied: dulwich<0.22.0,>=0.21.2 in /cluster/home/eirre/.local/lib/python3.11/site-packages (from poetry) (0.21.7)
Requirement already satisfied: fastjsonschema<3.0.0,>=2.18.0 in /cluster/home/eirre/.local/lib/python3.11/site-packages (from poetry) (2.20.0)
Requirement already satisfied: installer<0.8.0,>=0.7.0 in /cluster/home/eirre/.local/lib/python3.11/site-packages (from poetry) (0.7.0)
Requirement already satisfied: keyring<25.0.0,>=24.0.0 in /cluster/home/eirre/.local/lib/python3.11/site-packages (from poetry) (24.3.1)
Requirement already satisfied: packaging>=23.1 in /cluster/apps/eb/software/Python/3.11.5-GCCcore-13.2.0/lib/python3.11/site-packages (from poetry) (23.2)
Requirement already satisfied: pexpect<5.0.0,>=4.7.0 in /cluster/home/eirre/.local/lib/python3.11/site-packages (from poetry) (4.9.0)
Requirement already satisfied: pkginfo<2.0,>=1.10 in /cluster/home/eirre/.local/lib/python3.11/site-packages (from poetry) (1.11.1)
Requirement already satisfied: platformdirs<5,>=3.0.0 in /cluster/home/eirre/.local/lib/python3.11/site-packages (from poetry) (4.3.6)
Requirement already satisfied: poetry-core==1.9.0 in /cluster/home/eirre/.local/lib/python3.11/site-packages (from poetry) (1.9.0)
Requirement already satisfied: poetry-plugin-export<2.0.0,>=1.6.0 in /cluster/home/eirre/.local/lib/python3.11/site-packages (from poetry) (1.8.0)
Requirement already satisfied: pyproject-hooks<2.0.0,>=1.0.0 in /cluster/home/eirre/.local/lib/python3.11/site-packages (from poetry) (1.1.0)
Requirement already satisfied: requests<3.0,>=2.26 in /cluster/home/eirre/.local/lib/python3.11/site-packages (from poetry) (2.32.3)
Requirement already satisfied: requests-toolbelt<2.0.0,>=1.0.0 in /cluster/home/eirre/.local/lib/python3.11/site-packages (from poetry) (1.0.0)
Requirement already satisfied: shellingham<2.0,>=1.5 in /cluster/home/eirre/.local/lib/python3.11/site-packages (from poetry) (1.5.4)
Requirement already satisfied: tomlkit<1.0.0,>=0.11.4 in /cluster/home/eirre/.local/lib/python3.11/site-packages (from poetry) (0.13.2)
Requirement already satisfied: trove-classifiers>=2022.5.19 in /cluster/home/eirre/.local/lib/python3.11/site-packages (from poetry) (2024.9.12)
Requirement already satisfied: virtualenv<21.0.0,>=20.23.0 in /cluster/home/eirre/.local/lib/python3.11/site-packages (from poetry) (20.26.5)
Requirement already satisfied: msgpack<2.0.0,>=0.5.2 in /cluster/home/eirre/.local/lib/python3.11/site-packages (from cachecontrol<0.15.0,>=0.14.0->cachecontrol[filecache]<0.15.0,>=0.14.0->poetry) (1.1.0)
Requirement already satisfied: filelock>=3.8.0 in /cluster/home/eirre/.local/lib/python3.11/site-packages (from cachecontrol[filecache]<0.15.0,>=0.14.0->poetry) (3.16.1)
Requirement already satisfied: rapidfuzz<4.0.0,>=3.0.0 in /cluster/home/eirre/.local/lib/python3.11/site-packages (from cleo<3.0.0,>=2.1.0->poetry) (3.9.7)
Requirement already satisfied: urllib3>=1.25 in /cluster/home/eirre/.local/lib/python3.11/site-packages (from dulwich<0.22.0,>=0.21.2->poetry) (2.2.3)
Requirement already satisfied: jaraco.classes in /cluster/home/eirre/.local/lib/python3.11/site-packages (from keyring<25.0.0,>=24.0.0->poetry) (3.4.0)
Requirement already satisfied: importlib-metadata>=4.11.4 in /cluster/home/eirre/.local/lib/python3.11/site-packages (from keyring<25.0.0,>=24.0.0->poetry) (8.5.0)
Requirement already satisfied: SecretStorage>=3.2 in /cluster/home/eirre/.local/lib/python3.11/site-packages (from keyring<25.0.0,>=24.0.0->poetry) (3.3.3)
Requirement already satisfied: jeepney>=0.4.2 in /cluster/home/eirre/.local/lib/python3.11/site-packages (from keyring<25.0.0,>=24.0.0->poetry) (0.8.0)
Requirement already satisfied: ptyprocess>=0.5 in /cluster/home/eirre/.local/lib/python3.11/site-packages (from pexpect<5.0.0,>=4.7.0->poetry) (0.7.0)
Requirement already satisfied: charset-normalizer<4,>=2 in /cluster/home/eirre/.local/lib/python3.11/site-packages (from requests<3.0,>=2.26->poetry) (3.3.2)
Requirement already satisfied: idna<4,>=2.5 in /cluster/home/eirre/.local/lib/python3.11/site-packages (from requests<3.0,>=2.26->poetry) (3.10)
Requirement already satisfied: certifi>=2017.4.17 in /cluster/home/eirre/.local/lib/python3.11/site-packages (from requests<3.0,>=2.26->poetry) (2024.8.30)
Requirement already satisfied: distlib<1,>=0.3.7 in /cluster/home/eirre/.local/lib/python3.11/site-packages (from virtualenv<21.0.0,>=20.23.0->poetry) (0.3.8)
Requirement already satisfied: zipp>=3.20 in /cluster/home/eirre/.local/lib/python3.11/site-packages (from importlib-metadata>=4.11.4->keyring<25.0.0,>=24.0.0->poetry) (3.20.2)
Requirement already satisfied: cryptography>=2.0 in /cluster/home/eirre/.local/lib/python3.11/site-packages (from SecretStorage>=3.2->keyring<25.0.0,>=24.0.0->poetry) (43.0.1)
Requirement already satisfied: more-itertools in /cluster/home/eirre/.local/lib/python3.11/site-packages (from jaraco.classes->keyring<25.0.0,>=24.0.0->poetry) (10.5.0)
Requirement already satisfied: cffi>=1.12 in /cluster/home/eirre/.local/lib/python3.11/site-packages (from cryptography>=2.0->SecretStorage>=3.2->keyring<25.0.0,>=24.0.0->poetry) (1.17.1)
Requirement already satisfied: pycparser in /cluster/home/eirre/.local/lib/python3.11/site-packages (from cffi>=1.12->cryptography>=2.0->SecretStorage>=3.2->keyring<25.0.0,>=24.0.0->poetry) (2.22)
Installing dependencies from lock file

No dependencies to install or update

Installing the current project: multigrid (0.1.0)
test
[0, 0, 0, 0.8488, 0]
[1.0, 1.0, 1.0, 0.0, 1.0]
[0, 0, 0.7636000000000001, 0, 0]
[1.0, 1.0, 0.0, 0.0, 1.0]
[0.6208, 0, 0, 0, 0]
[0.0, 1.0, 0.0, 0.0, 1.0]
[0, 0, 0, 0, 0.97]
[1.0, 1.0, 1.0, 1.0, 0.0]
[0.7636000000000001, 0, 0, 0, 0]
[0.0, 1.0, 1.0, 1.0, 0.0]
[0, 0, 0.6832, 0, 0]
[0.0, 0.0, 0.0, 1.0, 0.0]
[0, 0.742, 0, 0, 0]
[0.0, 0.0, 1.0, 1.0, 0.0]
[0, 0, 0, 0.8488, 0]
[1.0, 1.0, 1.0, 0.0, 1.0]
[0, 0, 0.7636000000000001, 0, 0]
[1.0, 1.0, 0.0, 0.0, 1.0]
[0.6208, 0, 0, 0, 0]
[0.0, 1.0, 0.0, 0.0, 1.0]
[0, 0, 0, 0, 0.97]
[1.0, 1.0, 1.0, 1.0, 0.0]
[0.7636000000000001, 0, 0, 0, 0]
[0.0, 1.0, 1.0, 1.0, 0.0]
[0, 0, 0.6832, 0, 0]
[0.0, 0.0, 0.0, 1.0, 0.0]
[0, 0.742, 0, 0, 0]
[0.0, 0.0, 1.0, 1.0, 0.0]
[0, 0, 0, 0.8488, 0]
[1.0, 1.0, 1.0, 0.0, 1.0]
[0, 0, 0.7636000000000001, 0, 0]
[1.0, 1.0, 0.0, 0.0, 1.0]
[0.6208, 0, 0, 0, 0]
[0.0, 1.0, 0.0, 0.0, 1.0]
[0, 0, 0, 0, 0.97]
[1.0, 1.0, 1.0, 1.0, 0.0]
[0.7636000000000001, 0, 0, 0, 0]
[0.0, 1.0, 1.0, 1.0, 0.0]
[0, 0, 0.6832, 0, 0]
[0.0, 0.0, 0.0, 1.0, 0.0]
[0, 0.742, 0, 0, 0]
[0.0, 0.0, 1.0, 1.0, 0.0]
[0, 0, 0, 0.8488, 0]
[1.0, 1.0, 1.0, 0.0, 1.0]
[0, 0, 0.7636000000000001, 0, 0]
[1.0, 1.0, 0.0, 0.0, 1.0]
[0.6208, 0, 0, 0, 0]
[0.0, 1.0, 0.0, 0.0, 1.0]
[0, 0, 0, 0, 0.97]
[1.0, 1.0, 1.0, 1.0, 0.0]
[0.7636000000000001, 0, 0, 0, 0]
[0.0, 1.0, 1.0, 1.0, 0.0]
[0, 0, 0.6832, 0, 0]
[0.0, 0.0, 0.0, 1.0, 0.0]
[0, 0.742, 0, 0, 0]
[0.0, 0.0, 1.0, 1.0, 0.0]
[0, 0, 0, 0.8488, 0]
[1.0, 1.0, 1.0, 0.0, 1.0]
[0, 0, 0.7636000000000001, 0, 0]
[1.0, 1.0, 0.0, 0.0, 1.0]
[0.6208, 0, 0, 0, 0]
[0.0, 1.0, 0.0, 0.0, 1.0]
[0, 0, 0, 0, 0.97]
[1.0, 1.0, 1.0, 1.0, 0.0]
[0.7636000000000001, 0, 0, 0, 0]
[0.0, 1.0, 1.0, 1.0, 0.0]
[0, 0, 0.6832, 0, 0]
[0.0, 0.0, 0.0, 1.0, 0.0]
[0, 0.742, 0, 0, 0]
[0.0, 0.0, 1.0, 1.0, 0.0]
test
[0, 0, 0, 0.16720000000000002, 0]
[0.0, 0.0, 0.0, 0.0, 0.0]
[0, 0, 0, 0.382, 0]
[1.0, 1.0, 1.0, 0.0, 1.0]
[0, 0, 0, 0.16720000000000002, 0]
[0.0, 0.0, 0.0, 0.0, 0.0]
[0, 0, 0, 0.382, 0]
[1.0, 1.0, 1.0, 0.0, 1.0]
[0, 0, 0, 0.16720000000000002, 0]
[0.0, 0.0, 0.0, 0.0, 0.0]
[0, 0, 0, 0.382, 0]
[1.0, 1.0, 1.0, 0.0, 1.0]
[0, 0, 0, 0.16720000000000002, 0]
[0.0, 0.0, 0.0, 0.0, 0.0]
[0, 0, 0, 0.382, 0]
[1.0, 1.0, 1.0, 0.0, 1.0]
[0, 0, 0, 0.16720000000000002, 0]
[0.0, 0.0, 0.0, 0.0, 0.0]
[0, 0, 0, 0.382, 0]
[1.0, 1.0, 1.0, 0.0, 1.0]
test
test
[0, 0, 0, 0.9448, 0]
[1.0, 1.0, 1.0, 0.0, 1.0]
[0, 0.18159999999999998, 0, 0, 0]
[1.0, 0.0, 1.0, 0.0, 1.0]
[0, 0, 0, 0, 0.14080000000000004]
[1.0, 0.0, 1.0, 0.0, 0.0]
[0, 0, 0, 0.9448, 0]
[1.0, 1.0, 1.0, 0.0, 1.0]
[0, 0.18159999999999998, 0, 0, 0]
[1.0, 0.0, 1.0, 0.0, 1.0]
[0, 0, 0, 0, 0.14080000000000004]
[1.0, 0.0, 1.0, 0.0, 0.0]
[0, 0, 0, 0.9448, 0]
[1.0, 1.0, 1.0, 0.0, 1.0]
[0, 0.18159999999999998, 0, 0, 0]
[1.0, 0.0, 1.0, 0.0, 1.0]
[0, 0, 0, 0, 0.14080000000000004]
[1.0, 0.0, 1.0, 0.0, 0.0]
[0, 0, 0, 0.9448, 0]
[1.0, 1.0, 1.0, 0.0, 1.0]
[0, 0.18159999999999998, 0, 0, 0]
[1.0, 0.0, 1.0, 0.0, 1.0]
[0, 0, 0, 0, 0.14080000000000004]
[1.0, 0.0, 1.0, 0.0, 0.0]
[0, 0, 0, 0.9448, 0]
[1.0, 1.0, 1.0, 0.0, 1.0]
[0, 0.18159999999999998, 0, 0, 0]
[1.0, 0.0, 1.0, 0.0, 1.0]
[0, 0, 0, 0, 0.14080000000000004]
[1.0, 0.0, 1.0, 0.0, 0.0]
test
test
[0, 0, 0, 0, 0.46599999999999997]
[1.0, 1.0, 1.0, 1.0, 0.0]
[0, 0.9904, 0, 0, 0]
[1.0, 0.0, 1.0, 1.0, 1.0]
[0, 0, 0, 0, 0.46599999999999997]
[1.0, 1.0, 1.0, 1.0, 0.0]
[0, 0.9904, 0, 0, 0]
[1.0, 0.0, 1.0, 1.0, 1.0]
[0, 0, 0, 0, 0.46599999999999997]
[1.0, 1.0, 1.0, 1.0, 0.0]
[0, 0.9904, 0, 0, 0]
[1.0, 0.0, 1.0, 1.0, 1.0]
[0, 0, 0, 0, 0.46599999999999997]
[1.0, 1.0, 1.0, 1.0, 0.0]
[0, 0.9904, 0, 0, 0]
[1.0, 0.0, 1.0, 1.0, 1.0]
[0, 0, 0, 0, 0.46599999999999997]
[1.0, 1.0, 1.0, 1.0, 0.0]
[0, 0.9904, 0, 0, 0]
[1.0, 0.0, 1.0, 1.0, 1.0]
test
test
[0.8092, 0, 0, 0, 0]
[0.0, 1.0, 1.0, 1.0, 1.0]
[0, 0, 0, 0, 0.6904]
[0.0, 1.0, 1.0, 1.0, 0.0]
[0, 0, 0, 0.14680000000000004, 0]
[0.0, 0.0, 1.0, 0.0, 0.0]
[0, 0.14800000000000002, 0, 0, 0]
[0.0, 0.0, 1.0, 1.0, 0.0]
[0.8092, 0, 0, 0, 0]
[0.0, 1.0, 1.0, 1.0, 1.0]
[0, 0, 0, 0, 0.6904]
[0.0, 1.0, 1.0, 1.0, 0.0]
[0, 0, 0, 0.14680000000000004, 0]
[0.0, 0.0, 1.0, 0.0, 0.0]
[0, 0.14800000000000002, 0, 0, 0]
[0.0, 0.0, 1.0, 1.0, 0.0]
[0.8092, 0, 0, 0, 0]
[0.0, 1.0, 1.0, 1.0, 1.0]
[0, 0, 0, 0, 0.6904]
[0.0, 1.0, 1.0, 1.0, 0.0]
[0, 0, 0, 0.14680000000000004, 0]
[0.0, 0.0, 1.0, 0.0, 0.0]
[0, 0.14800000000000002, 0, 0, 0]
[0.0, 0.0, 1.0, 1.0, 0.0]
[0.8092, 0, 0, 0, 0]
[0.0, 1.0, 1.0, 1.0, 1.0]
[0, 0, 0, 0, 0.6904]
[0.0, 1.0, 1.0, 1.0, 0.0]
[0, 0, 0, 0.14680000000000004, 0]
[0.0, 0.0, 1.0, 0.0, 0.0]
[0, 0.14800000000000002, 0, 0, 0]
[0.0, 0.0, 1.0, 1.0, 0.0]
[0.8092, 0, 0, 0, 0]
[0.0, 1.0, 1.0, 1.0, 1.0]
[0, 0, 0, 0, 0.6904]
[0.0, 1.0, 1.0, 1.0, 0.0]
[0, 0, 0, 0.14680000000000004, 0]
[0.0, 0.0, 1.0, 0.0, 0.0]
[0, 0.14800000000000002, 0, 0, 0]
[0.0, 0.0, 1.0, 1.0, 0.0]
test
[0, 0, 0.7228, 0, 0]
[1.0, 1.0, 0.0, 1.0, 1.0]
[0.556, 0, 0, 0, 0]
[0.0, 1.0, 0.0, 1.0, 1.0]
[0, 0, 0, 0.4852000000000001, 0]
[0.0, 1.0, 0.0, 0.0, 1.0]
[0, 0, 0, 0, 0.8224]
[1.0, 1.0, 1.0, 1.0, 0.0]
[0, 0, 0.7948, 0, 0]
[1.0, 1.0, 0.0, 1.0, 0.0]
[0.7023999999999999, 0, 0, 0, 0]
[0.0, 1.0, 0.0, 1.0, 0.0]
[0, 0, 0, 0.6244000000000001, 0]
[0.0, 1.0, 0.0, 0.0, 0.0]
[0, 0, 0.7228, 0, 0]
[1.0, 1.0, 0.0, 1.0, 1.0]
[0.556, 0, 0, 0, 0]
[0.0, 1.0, 0.0, 1.0, 1.0]
[0, 0, 0, 0.4852000000000001, 0]
[0.0, 1.0, 0.0, 0.0, 1.0]
[0, 0, 0, 0, 0.8224]
[1.0, 1.0, 1.0, 1.0, 0.0]
[0, 0, 0.7948, 0, 0]
[1.0, 1.0, 0.0, 1.0, 0.0]
[0.7023999999999999, 0, 0, 0, 0]
[0.0, 1.0, 0.0, 1.0, 0.0]
[0, 0, 0, 0.6244000000000001, 0]
[0.0, 1.0, 0.0, 0.0, 0.0]
[0, 0, 0.7228, 0, 0]
[1.0, 1.0, 0.0, 1.0, 1.0]
[0.556, 0, 0, 0, 0]
[0.0, 1.0, 0.0, 1.0, 1.0]
[0, 0, 0, 0.4852000000000001, 0]
[0.0, 1.0, 0.0, 0.0, 1.0]
[0, 0, 0, 0, 0.8224]
[1.0, 1.0, 1.0, 1.0, 0.0]
[0, 0, 0.7948, 0, 0]
[1.0, 1.0, 0.0, 1.0, 0.0]
[0.7023999999999999, 0, 0, 0, 0]
[0.0, 1.0, 0.0, 1.0, 0.0]
[0, 0, 0, 0.6244000000000001, 0]
[0.0, 1.0, 0.0, 0.0, 0.0]
[0, 0, 0.7228, 0, 0]
[1.0, 1.0, 0.0, 1.0, 1.0]
[0.556, 0, 0, 0, 0]
[0.0, 1.0, 0.0, 1.0, 1.0]
[0, 0, 0, 0.4852000000000001, 0]
[0.0, 1.0, 0.0, 0.0, 1.0]
[0, 0, 0, 0, 0.8224]
[1.0, 1.0, 1.0, 1.0, 0.0]
[0, 0, 0.7948, 0, 0]
[1.0, 1.0, 0.0, 1.0, 0.0]
[0.7023999999999999, 0, 0, 0, 0]
[0.0, 1.0, 0.0, 1.0, 0.0]
[0, 0, 0, 0.6244000000000001, 0]
[0.0, 1.0, 0.0, 0.0, 0.0]
[0, 0, 0.7228, 0, 0]
[1.0, 1.0, 0.0, 1.0, 1.0]
[0.556, 0, 0, 0, 0]
[0.0, 1.0, 0.0, 1.0, 1.0]
[0, 0, 0, 0.4852000000000001, 0]
[0.0, 1.0, 0.0, 0.0, 1.0]
[0, 0, 0, 0, 0.8224]
[1.0, 1.0, 1.0, 1.0, 0.0]
[0, 0, 0.7948, 0, 0]
[1.0, 1.0, 0.0, 1.0, 0.0]
[0.7023999999999999, 0, 0, 0, 0]
[0.0, 1.0, 0.0, 1.0, 0.0]
[0, 0, 0, 0.6244000000000001, 0]
[0.0, 1.0, 0.0, 0.0, 0.0]
test
[0.9172, 0, 0, 0, 0]
[0.0, 1.0, 1.0, 1.0, 1.0]
[0, 0, 0.7936, 0, 0]
[0.0, 1.0, 0.0, 0.0, 1.0]
[0, 0, 0, 0.8512, 0]
[0.0, 1.0, 1.0, 0.0, 1.0]
[0, 0.5871999999999999, 0, 0, 0]
[0.0, 0.0, 0.0, 0.0, 1.0]
[0.9172, 0, 0, 0, 0]
[0.0, 1.0, 1.0, 1.0, 1.0]
[0, 0, 0.7936, 0, 0]
[0.0, 1.0, 0.0, 0.0, 1.0]
[0, 0, 0, 0.8512, 0]
[0.0, 1.0, 1.0, 0.0, 1.0]
[0, 0.5871999999999999, 0, 0, 0]
[0.0, 0.0, 0.0, 0.0, 1.0]
[0.9172, 0, 0, 0, 0]
[0.0, 1.0, 1.0, 1.0, 1.0]
[0, 0, 0.7936, 0, 0]
[0.0, 1.0, 0.0, 0.0, 1.0]
[0, 0, 0, 0.8512, 0]
[0.0, 1.0, 1.0, 0.0, 1.0]
[0, 0.5871999999999999, 0, 0, 0]
[0.0, 0.0, 0.0, 0.0, 1.0]
[0.9172, 0, 0, 0, 0]
[0.0, 1.0, 1.0, 1.0, 1.0]
[0, 0, 0.7936, 0, 0]
[0.0, 1.0, 0.0, 0.0, 1.0]
[0, 0, 0, 0.8512, 0]
[0.0, 1.0, 1.0, 0.0, 1.0]
[0, 0.5871999999999999, 0, 0, 0]
[0.0, 0.0, 0.0, 0.0, 1.0]
[0.9172, 0, 0, 0, 0]
[0.0, 1.0, 1.0, 1.0, 1.0]
[0, 0, 0.7936, 0, 0]
[0.0, 1.0, 0.0, 0.0, 1.0]
[0, 0, 0, 0.8512, 0]
[0.0, 1.0, 1.0, 0.0, 1.0]
[0, 0.5871999999999999, 0, 0, 0]
[0.0, 0.0, 0.0, 0.0, 1.0]
test
test
[0, 0, 0, 0.9976, 0]
[1.0, 1.0, 1.0, 0.0, 1.0]
[0, 0, 0.9688, 0, 0]
[1.0, 1.0, 0.0, 1.0, 1.0]
[0, 0, 0, 0.9976, 0]
[1.0, 1.0, 1.0, 0.0, 1.0]
[0, 0, 0.9688, 0, 0]
[1.0, 1.0, 0.0, 1.0, 1.0]
[0, 0, 0, 0.9976, 0]
[1.0, 1.0, 1.0, 0.0, 1.0]
[0, 0, 0.9688, 0, 0]
[1.0, 1.0, 0.0, 1.0, 1.0]
[0, 0, 0, 0.9976, 0]
[1.0, 1.0, 1.0, 0.0, 1.0]
[0, 0, 0.9688, 0, 0]
[1.0, 1.0, 0.0, 1.0, 1.0]
[0, 0, 0, 0.9976, 0]
[1.0, 1.0, 1.0, 0.0, 1.0]
[0, 0, 0.9688, 0, 0]
[1.0, 1.0, 0.0, 1.0, 1.0]
test
[0.6064, 0, 0, 0, 0]
[0.0, 1.0, 0.0, 1.0, 1.0]
[0, 0, 0, 0.9964, 0]
[1.0, 1.0, 1.0, 0.0, 1.0]
[0.6064, 0, 0, 0, 0]
[0.0, 1.0, 0.0, 1.0, 1.0]
[0, 0, 0, 0.9964, 0]
[1.0, 1.0, 1.0, 0.0, 1.0]
[0.6064, 0, 0, 0, 0]
[0.0, 1.0, 0.0, 1.0, 1.0]
[0, 0, 0, 0.9964, 0]
[1.0, 1.0, 1.0, 0.0, 1.0]
[0.6064, 0, 0, 0, 0]
[0.0, 1.0, 0.0, 1.0, 1.0]
[0, 0, 0, 0.9964, 0]
[1.0, 1.0, 1.0, 0.0, 1.0]
[0.6064, 0, 0, 0, 0]
[0.0, 1.0, 0.0, 1.0, 1.0]
[0, 0, 0, 0.9964, 0]
[1.0, 1.0, 1.0, 0.0, 1.0]
test
test
[0, 0.9784, 0, 0, 0]
[1.0, 0.0, 1.0, 1.0, 1.0]
[0, 0.9592, 0, 0, 0]
[1.0, 0.0, 1.0, 1.0, 0.0]
[0, 0, 0, 0, 0.9748]
[1.0, 1.0, 1.0, 1.0, 0.0]
[0, 0.9784, 0, 0, 0]
[1.0, 0.0, 1.0, 1.0, 1.0]
[0, 0.9592, 0, 0, 0]
[1.0, 0.0, 1.0, 1.0, 0.0]
[0, 0, 0, 0, 0.9748]
[1.0, 1.0, 1.0, 1.0, 0.0]
[0, 0.9784, 0, 0, 0]
[1.0, 0.0, 1.0, 1.0, 1.0]
[0, 0.9592, 0, 0, 0]
[1.0, 0.0, 1.0, 1.0, 0.0]
[0, 0, 0, 0, 0.9748]
[1.0, 1.0, 1.0, 1.0, 0.0]
[0, 0.9784, 0, 0, 0]
[1.0, 0.0, 1.0, 1.0, 1.0]
[0, 0.9592, 0, 0, 0]
[1.0, 0.0, 1.0, 1.0, 0.0]
[0, 0, 0, 0, 0.9748]
[1.0, 1.0, 1.0, 1.0, 0.0]
[0, 0.9784, 0, 0, 0]
[1.0, 0.0, 1.0, 1.0, 1.0]
[0, 0.9592, 0, 0, 0]
[1.0, 0.0, 1.0, 1.0, 0.0]
[0, 0, 0, 0, 0.9748]
[1.0, 1.0, 1.0, 1.0, 0.0]
test
test
[0, 0.18279999999999996, 0, 0, 0]
[1.0, 0.0, 1.0, 1.0, 1.0]
[0, 0.18279999999999996, 0, 0, 0]
[1.0, 0.0, 1.0, 1.0, 1.0]
[0, 0.18279999999999996, 0, 0, 0]
[1.0, 0.0, 1.0, 1.0, 1.0]
[0, 0.18279999999999996, 0, 0, 0]
[1.0, 0.0, 1.0, 1.0, 1.0]
[0, 0.18279999999999996, 0, 0, 0]
[1.0, 0.0, 1.0, 1.0, 1.0]
test
test
[0.6075999999999999, 0, 0, 0, 0]
[0.0, 1.0, 1.0, 1.0, 1.0]
[0, 0, 0.8452, 0, 0]
[1.0, 1.0, 0.0, 1.0, 1.0]
[0.6075999999999999, 0, 0, 0, 0]
[0.0, 1.0, 1.0, 1.0, 1.0]
[0, 0, 0.8452, 0, 0]
[1.0, 1.0, 0.0, 1.0, 1.0]
[0.6075999999999999, 0, 0, 0, 0]
[0.0, 1.0, 1.0, 1.0, 1.0]
[0, 0, 0.8452, 0, 0]
[1.0, 1.0, 0.0, 1.0, 1.0]
[0.6075999999999999, 0, 0, 0, 0]
[0.0, 1.0, 1.0, 1.0, 1.0]
[0, 0, 0.8452, 0, 0]
[1.0, 1.0, 0.0, 1.0, 1.0]
[0.6075999999999999, 0, 0, 0, 0]
[0.0, 1.0, 1.0, 1.0, 1.0]
[0, 0, 0.8452, 0, 0]
[1.0, 1.0, 0.0, 1.0, 1.0]
test
[0, 0, 0, 0, 0.3748]
[1.0, 1.0, 0.0, 1.0, 0.0]
[0, 0, 0, 0, 0.3748]
[1.0, 1.0, 0.0, 1.0, 0.0]
[0, 0, 0, 0, 0.3748]
[1.0, 1.0, 0.0, 1.0, 0.0]
[0, 0, 0, 0, 0.3748]
[1.0, 1.0, 0.0, 1.0, 0.0]
[0, 0, 0, 0, 0.3748]
[1.0, 1.0, 0.0, 1.0, 0.0]
test
[0, 0, 0, 0, 0.8644000000000001]
[1.0, 1.0, 1.0, 1.0, 0.0]
[0, 0, 0, 0, 0.8644000000000001]
[1.0, 1.0, 1.0, 1.0, 0.0]
[0, 0, 0, 0, 0.8644000000000001]
[1.0, 1.0, 1.0, 1.0, 0.0]
[0, 0, 0, 0, 0.8644000000000001]
[1.0, 1.0, 1.0, 1.0, 0.0]
[0, 0, 0, 0, 0.8644000000000001]
[1.0, 1.0, 1.0, 1.0, 0.0]
test
test
[0.9532, 0, 0, 0, 0]
[0.0, 1.0, 1.0, 1.0, 1.0]
[0, 0, 0, 0, 0.532]
[0.0, 1.0, 1.0, 1.0, 0.0]
[0, 0, 0, 0.3507999999999999, 0]
[0.0, 1.0, 1.0, 0.0, 0.0]
[0, 0, 0, 0.9388, 0]
[1.0, 1.0, 1.0, 0.0, 1.0]
[0.9532, 0, 0, 0, 0]
[0.0, 1.0, 1.0, 1.0, 1.0]
[0, 0, 0, 0, 0.532]
[0.0, 1.0, 1.0, 1.0, 0.0]
[0, 0, 0, 0.3507999999999999, 0]
[0.0, 1.0, 1.0, 0.0, 0.0]
[0, 0, 0, 0.9388, 0]
[1.0, 1.0, 1.0, 0.0, 1.0]
[0.9532, 0, 0, 0, 0]
[0.0, 1.0, 1.0, 1.0, 1.0]
[0, 0, 0, 0, 0.532]
[0.0, 1.0, 1.0, 1.0, 0.0]
[0, 0, 0, 0.3507999999999999, 0]
[0.0, 1.0, 1.0, 0.0, 0.0]
[0, 0, 0, 0.9388, 0]
[1.0, 1.0, 1.0, 0.0, 1.0]
[0.9532, 0, 0, 0, 0]
[0.0, 1.0, 1.0, 1.0, 1.0]
[0, 0, 0, 0, 0.532]
[0.0, 1.0, 1.0, 1.0, 0.0]
[0, 0, 0, 0.3507999999999999, 0]
[0.0, 1.0, 1.0, 0.0, 0.0]
[0, 0, 0, 0.9388, 0]
[1.0, 1.0, 1.0, 0.0, 1.0]
[0.9532, 0, 0, 0, 0]
[0.0, 1.0, 1.0, 1.0, 1.0]
[0, 0, 0, 0, 0.532]
[0.0, 1.0, 1.0, 1.0, 0.0]
[0, 0, 0, 0.3507999999999999, 0]
[0.0, 1.0, 1.0, 0.0, 0.0]
[0, 0, 0, 0.9388, 0]
[1.0, 1.0, 1.0, 0.0, 1.0]
test
test
test
[0, 0, 0, 0, 0.9592]
[1.0, 1.0, 0.0, 1.0, 0.0]
[0, 0, 0.9964, 0, 0]
[1.0, 1.0, 0.0, 1.0, 1.0]
[0.8164, 0, 0, 0, 0]
[0.0, 1.0, 0.0, 1.0, 0.0]
[0, 0, 0, 0.17919999999999991, 0]
[0.0, 1.0, 0.0, 0.0, 0.0]
[0.9988, 0, 0, 0, 0]
[0.0, 1.0, 1.0, 1.0, 1.0]
[0, 0, 0, 0, 0.9592]
[1.0, 1.0, 0.0, 1.0, 0.0]
[0, 0, 0.9964, 0, 0]
[1.0, 1.0, 0.0, 1.0, 1.0]
[0.8164, 0, 0, 0, 0]
[0.0, 1.0, 0.0, 1.0, 0.0]
[0, 0, 0, 0.17919999999999991, 0]
[0.0, 1.0, 0.0, 0.0, 0.0]
[0.9988, 0, 0, 0, 0]
[0.0, 1.0, 1.0, 1.0, 1.0]
[0, 0, 0, 0, 0.9592]
[1.0, 1.0, 0.0, 1.0, 0.0]
[0, 0, 0.9964, 0, 0]
[1.0, 1.0, 0.0, 1.0, 1.0]
[0.8164, 0, 0, 0, 0]
[0.0, 1.0, 0.0, 1.0, 0.0]
[0, 0, 0, 0.17919999999999991, 0]
[0.0, 1.0, 0.0, 0.0, 0.0]
[0.9988, 0, 0, 0, 0]
[0.0, 1.0, 1.0, 1.0, 1.0]
[0, 0, 0, 0, 0.9592]
[1.0, 1.0, 0.0, 1.0, 0.0]
[0, 0, 0.9964, 0, 0]
[1.0, 1.0, 0.0, 1.0, 1.0]
[0.8164, 0, 0, 0, 0]
[0.0, 1.0, 0.0, 1.0, 0.0]
[0, 0, 0, 0.17919999999999991, 0]
[0.0, 1.0, 0.0, 0.0, 0.0]
[0.9988, 0, 0, 0, 0]
[0.0, 1.0, 1.0, 1.0, 1.0]
[0, 0, 0, 0, 0.9592]
[1.0, 1.0, 0.0, 1.0, 0.0]
[0, 0, 0.9964, 0, 0]
[1.0, 1.0, 0.0, 1.0, 1.0]
[0.8164, 0, 0, 0, 0]
[0.0, 1.0, 0.0, 1.0, 0.0]
[0, 0, 0, 0.17919999999999991, 0]
[0.0, 1.0, 0.0, 0.0, 0.0]
[0.9988, 0, 0, 0, 0]
[0.0, 1.0, 1.0, 1.0, 1.0]
test
[0, 0, 0, 0.46119999999999994, 0]
[0.0, 1.0, 1.0, 0.0, 1.0]
[0, 0.41800000000000004, 0, 0, 0]
[0.0, 0.0, 1.0, 0.0, 1.0]
[0, 0, 0, 0.46119999999999994, 0]
[0.0, 1.0, 1.0, 0.0, 1.0]
[0, 0.41800000000000004, 0, 0, 0]
[0.0, 0.0, 1.0, 0.0, 1.0]
[0, 0, 0, 0.46119999999999994, 0]
[0.0, 1.0, 1.0, 0.0, 1.0]
[0, 0.41800000000000004, 0, 0, 0]
[0.0, 0.0, 1.0, 0.0, 1.0]
[0, 0, 0, 0.46119999999999994, 0]
[0.0, 1.0, 1.0, 0.0, 1.0]
[0, 0.41800000000000004, 0, 0, 0]
[0.0, 0.0, 1.0, 0.0, 1.0]
[0, 0, 0, 0.46119999999999994, 0]
[0.0, 1.0, 1.0, 0.0, 1.0]
[0, 0.41800000000000004, 0, 0, 0]
[0.0, 0.0, 1.0, 0.0, 1.0]
test
[0, 0, 0.88, 0, 0]
[1.0, 1.0, 0.0, 1.0, 1.0]
[0, 0, 0, 0, 0.8128]
[0.0, 1.0, 0.0, 1.0, 0.0]
[0.8404, 0, 0, 0, 0]
[0.0, 1.0, 0.0, 1.0, 1.0]
[0, 0, 0, 0.7804, 0]
[0.0, 1.0, 0.0, 0.0, 0.0]
[0, 0, 0.88, 0, 0]
[1.0, 1.0, 0.0, 1.0, 1.0]
[0, 0, 0, 0, 0.8128]
[0.0, 1.0, 0.0, 1.0, 0.0]
[0.8404, 0, 0, 0, 0]
[0.0, 1.0, 0.0, 1.0, 1.0]
[0, 0, 0, 0.7804, 0]
[0.0, 1.0, 0.0, 0.0, 0.0]
[0, 0, 0.88, 0, 0]
[1.0, 1.0, 0.0, 1.0, 1.0]
[0, 0, 0, 0, 0.8128]
[0.0, 1.0, 0.0, 1.0, 0.0]
[0.8404, 0, 0, 0, 0]
[0.0, 1.0, 0.0, 1.0, 1.0]
[0, 0, 0, 0.7804, 0]
[0.0, 1.0, 0.0, 0.0, 0.0]
[0, 0, 0.88, 0, 0]
[1.0, 1.0, 0.0, 1.0, 1.0]
[0, 0, 0, 0, 0.8128]
[0.0, 1.0, 0.0, 1.0, 0.0]
[0.8404, 0, 0, 0, 0]
[0.0, 1.0, 0.0, 1.0, 1.0]
[0, 0, 0, 0.7804, 0]
[0.0, 1.0, 0.0, 0.0, 0.0]
[0, 0, 0.88, 0, 0]
[1.0, 1.0, 0.0, 1.0, 1.0]
[0, 0, 0, 0, 0.8128]
[0.0, 1.0, 0.0, 1.0, 0.0]
[0.8404, 0, 0, 0, 0]
[0.0, 1.0, 0.0, 1.0, 1.0]
[0, 0, 0, 0.7804, 0]
[0.0, 1.0, 0.0, 0.0, 0.0]
test
test
[0, 0, 0, 0, 0.5968]
[1.0, 1.0, 1.0, 1.0, 0.0]
[0, 0, 0, 0.5116, 0]
[1.0, 1.0, 1.0, 0.0, 0.0]
[0, 0.976, 0, 0, 0]
[1.0, 0.0, 1.0, 1.0, 1.0]
[0.9532, 0, 0, 0, 0]
[0.0, 0.0, 1.0, 1.0, 1.0]
[0, 0, 0, 0, 0.5968]
[1.0, 1.0, 1.0, 1.0, 0.0]
[0, 0, 0, 0.5116, 0]
[1.0, 1.0, 1.0, 0.0, 0.0]
[0, 0.976, 0, 0, 0]
[1.0, 0.0, 1.0, 1.0, 1.0]
[0.9532, 0, 0, 0, 0]
[0.0, 0.0, 1.0, 1.0, 1.0]
[0, 0, 0, 0, 0.5968]
[1.0, 1.0, 1.0, 1.0, 0.0]
[0, 0, 0, 0.5116, 0]
[1.0, 1.0, 1.0, 0.0, 0.0]
[0, 0.976, 0, 0, 0]
[1.0, 0.0, 1.0, 1.0, 1.0]
[0.9532, 0, 0, 0, 0]
[0.0, 0.0, 1.0, 1.0, 1.0]
[0, 0, 0, 0, 0.5968]
[1.0, 1.0, 1.0, 1.0, 0.0]
[0, 0, 0, 0.5116, 0]
[1.0, 1.0, 1.0, 0.0, 0.0]
[0, 0.976, 0, 0, 0]
[1.0, 0.0, 1.0, 1.0, 1.0]
[0.9532, 0, 0, 0, 0]
[0.0, 0.0, 1.0, 1.0, 1.0]
[0, 0, 0, 0, 0.5968]
[1.0, 1.0, 1.0, 1.0, 0.0]
[0, 0, 0, 0.5116, 0]
[1.0, 1.0, 1.0, 0.0, 0.0]
[0, 0.976, 0, 0, 0]
[1.0, 0.0, 1.0, 1.0, 1.0]
[0.9532, 0, 0, 0, 0]
[0.0, 0.0, 1.0, 1.0, 1.0]
test
[0, 0, 0.8296, 0, 0]
[0.0, 0.0, 0.0, 1.0, 1.0]
[0, 0, 0.8296, 0, 0]
[0.0, 0.0, 0.0, 1.0, 1.0]
[0, 0, 0.8296, 0, 0]
[0.0, 0.0, 0.0, 1.0, 1.0]
[0, 0, 0.8296, 0, 0]
[0.0, 0.0, 0.0, 1.0, 1.0]
[0, 0, 0.8296, 0, 0]
[0.0, 0.0, 0.0, 1.0, 1.0]
test
test
test
[0.9712, 0, 0, 0, 0]
[0.0, 1.0, 1.0, 1.0, 1.0]
[0.9712, 0, 0, 0, 0]
[0.0, 1.0, 1.0, 1.0, 1.0]
[0.9712, 0, 0, 0, 0]
[0.0, 1.0, 1.0, 1.0, 1.0]
[0.9712, 0, 0, 0, 0]
[0.0, 1.0, 1.0, 1.0, 1.0]
[0.9712, 0, 0, 0, 0]
[0.0, 1.0, 1.0, 1.0, 1.0]
test
[0.8764, 0, 0, 0, 0]
[0.0, 1.0, 1.0, 1.0, 1.0]
[0.8764, 0, 0, 0, 0]
[0.0, 1.0, 1.0, 1.0, 1.0]
[0.8764, 0, 0, 0, 0]
[0.0, 1.0, 1.0, 1.0, 1.0]
[0.8764, 0, 0, 0, 0]
[0.0, 1.0, 1.0, 1.0, 1.0]
[0.8764, 0, 0, 0, 0]
[0.0, 1.0, 1.0, 1.0, 1.0]
test
test
test
[0.5416000000000001, 0, 0, 0, 0]
[0.0, 1.0, 1.0, 1.0, 1.0]
[0, 0, 0, 0, 0.832]
[1.0, 1.0, 1.0, 1.0, 0.0]
[0.5416000000000001, 0, 0, 0, 0]
[0.0, 1.0, 1.0, 1.0, 1.0]
[0, 0, 0, 0, 0.832]
[1.0, 1.0, 1.0, 1.0, 0.0]
[0.5416000000000001, 0, 0, 0, 0]
[0.0, 1.0, 1.0, 1.0, 1.0]
[0, 0, 0, 0, 0.832]
[1.0, 1.0, 1.0, 1.0, 0.0]
[0.5416000000000001, 0, 0, 0, 0]
[0.0, 1.0, 1.0, 1.0, 1.0]
[0, 0, 0, 0, 0.832]
[1.0, 1.0, 1.0, 1.0, 0.0]
[0.5416000000000001, 0, 0, 0, 0]
[0.0, 1.0, 1.0, 1.0, 1.0]
[0, 0, 0, 0, 0.832]
[1.0, 1.0, 1.0, 1.0, 0.0]
test
test
test
[0.9856, 0, 0, 0, 0]
[0.0, 1.0, 1.0, 1.0, 1.0]
[0.9856, 0, 0, 0, 0]
[0.0, 1.0, 1.0, 1.0, 1.0]
[0.9856, 0, 0, 0, 0]
[0.0, 1.0, 1.0, 1.0, 1.0]
[0.9856, 0, 0, 0, 0]
[0.0, 1.0, 1.0, 1.0, 1.0]
[0.9856, 0, 0, 0, 0]
[0.0, 1.0, 1.0, 1.0, 1.0]
test
[0.8404, 0, 0, 0, 0]
[0.0, 1.0, 1.0, 1.0, 1.0]
[0, 0, 0, 0, 0.17079999999999995]
[0.0, 1.0, 1.0, 1.0, 0.0]
[0.8404, 0, 0, 0, 0]
[0.0, 1.0, 1.0, 1.0, 1.0]
[0, 0, 0, 0, 0.17079999999999995]
[0.0, 1.0, 1.0, 1.0, 0.0]
[0.8404, 0, 0, 0, 0]
[0.0, 1.0, 1.0, 1.0, 1.0]
[0, 0, 0, 0, 0.17079999999999995]
[0.0, 1.0, 1.0, 1.0, 0.0]
[0.8404, 0, 0, 0, 0]
[0.0, 1.0, 1.0, 1.0, 1.0]
[0, 0, 0, 0, 0.17079999999999995]
[0.0, 1.0, 1.0, 1.0, 0.0]
[0.8404, 0, 0, 0, 0]
[0.0, 1.0, 1.0, 1.0, 1.0]
[0, 0, 0, 0, 0.17079999999999995]
[0.0, 1.0, 1.0, 1.0, 0.0]
test
[0, 0.9952, 0, 0, 0]
[1.0, 0.0, 1.0, 1.0, 1.0]
[0, 0.9952, 0, 0, 0]
[1.0, 0.0, 1.0, 1.0, 1.0]
[0, 0.9952, 0, 0, 0]
[1.0, 0.0, 1.0, 1.0, 1.0]
[0, 0.9952, 0, 0, 0]
[1.0, 0.0, 1.0, 1.0, 1.0]
[0, 0.9952, 0, 0, 0]
[1.0, 0.0, 1.0, 1.0, 1.0]
test
test
test
test
[0, 0, 0, 0.9928, 0]
[1.0, 1.0, 1.0, 0.0, 1.0]
[0, 0, 0, 0.9928, 0]
[1.0, 1.0, 1.0, 0.0, 1.0]
[0, 0, 0, 0.9928, 0]
[1.0, 1.0, 1.0, 0.0, 1.0]
[0, 0, 0, 0.9928, 0]
[1.0, 1.0, 1.0, 0.0, 1.0]
[0, 0, 0, 0.9928, 0]
[1.0, 1.0, 1.0, 0.0, 1.0]
test
test
[0, 0, 0, 0, 0.8968]
[1.0, 1.0, 1.0, 1.0, 0.0]
[0, 0, 0.8344, 0, 0]
[1.0, 1.0, 0.0, 1.0, 0.0]
[0, 0, 0, 0, 0.8968]
[1.0, 1.0, 1.0, 1.0, 0.0]
[0, 0, 0.8344, 0, 0]
[1.0, 1.0, 0.0, 1.0, 0.0]
[0, 0, 0, 0, 0.8968]
[1.0, 1.0, 1.0, 1.0, 0.0]
[0, 0, 0.8344, 0, 0]
[1.0, 1.0, 0.0, 1.0, 0.0]
[0, 0, 0, 0, 0.8968]
[1.0, 1.0, 1.0, 1.0, 0.0]
[0, 0, 0.8344, 0, 0]
[1.0, 1.0, 0.0, 1.0, 0.0]
[0, 0, 0, 0, 0.8968]
[1.0, 1.0, 1.0, 1.0, 0.0]
[0, 0, 0.8344, 0, 0]
[1.0, 1.0, 0.0, 1.0, 0.0]
test
[0, 0.652, 0, 0, 0]
[1.0, 0.0, 0.0, 1.0, 0.0]
[0.5691999999999999, 0, 0, 0, 0]
[0.0, 0.0, 0.0, 1.0, 0.0]
[0, 0, 0, 0.41559999999999997, 0]
[0.0, 0.0, 0.0, 0.0, 0.0]
[0, 0.652, 0, 0, 0]
[1.0, 0.0, 0.0, 1.0, 0.0]
[0.5691999999999999, 0, 0, 0, 0]
[0.0, 0.0, 0.0, 1.0, 0.0]
[0, 0, 0, 0.41559999999999997, 0]
[0.0, 0.0, 0.0, 0.0, 0.0]
[0, 0.652, 0, 0, 0]
[1.0, 0.0, 0.0, 1.0, 0.0]
[0.5691999999999999, 0, 0, 0, 0]
[0.0, 0.0, 0.0, 1.0, 0.0]
[0, 0, 0, 0.41559999999999997, 0]
[0.0, 0.0, 0.0, 0.0, 0.0]
[0, 0.652, 0, 0, 0]
[1.0, 0.0, 0.0, 1.0, 0.0]
[0.5691999999999999, 0, 0, 0, 0]
[0.0, 0.0, 0.0, 1.0, 0.0]
[0, 0, 0, 0.41559999999999997, 0]
[0.0, 0.0, 0.0, 0.0, 0.0]
[0, 0.652, 0, 0, 0]
[1.0, 0.0, 0.0, 1.0, 0.0]
[0.5691999999999999, 0, 0, 0, 0]
[0.0, 0.0, 0.0, 1.0, 0.0]
[0, 0, 0, 0.41559999999999997, 0]
[0.0, 0.0, 0.0, 0.0, 0.0]
test
test
[0, 0.9544, 0, 0, 0]
[1.0, 0.0, 1.0, 1.0, 1.0]
[0, 0.9544, 0, 0, 0]
[1.0, 0.0, 1.0, 1.0, 1.0]
[0, 0.9544, 0, 0, 0]
[1.0, 0.0, 1.0, 1.0, 1.0]
[0, 0.9544, 0, 0, 0]
[1.0, 0.0, 1.0, 1.0, 1.0]
[0, 0.9544, 0, 0, 0]
[1.0, 0.0, 1.0, 1.0, 1.0]
test
test
test
[0, 0, 0, 0, 0.7936]
[1.0, 1.0, 1.0, 1.0, 0.0]
[0, 0, 0, 0, 0.7936]
[1.0, 1.0, 1.0, 1.0, 0.0]
[0, 0, 0, 0, 0.7936]
[1.0, 1.0, 1.0, 1.0, 0.0]
[0, 0, 0, 0, 0.7936]
[1.0, 1.0, 1.0, 1.0, 0.0]
[0, 0, 0, 0, 0.7936]
[1.0, 1.0, 1.0, 1.0, 0.0]
test
[0, 0, 0, 0, 0.76]
[1.0, 1.0, 1.0, 1.0, 0.0]
[0, 0, 0, 0.8392, 0]
[1.0, 1.0, 1.0, 0.0, 1.0]
[0, 0, 0, 0, 0.7696]
[1.0, 1.0, 1.0, 0.0, 0.0]
[0.646, 0, 0, 0, 0]
[0.0, 0.0, 1.0, 0.0, 0.0]
[0, 0.6616, 0, 0, 0]
[1.0, 0.0, 1.0, 0.0, 0.0]
[0, 0, 0, 0, 0.76]
[1.0, 1.0, 1.0, 1.0, 0.0]
[0, 0, 0, 0.8392, 0]
[1.0, 1.0, 1.0, 0.0, 1.0]
[0, 0, 0, 0, 0.7696]
[1.0, 1.0, 1.0, 0.0, 0.0]
[0.646, 0, 0, 0, 0]
[0.0, 0.0, 1.0, 0.0, 0.0]
[0, 0.6616, 0, 0, 0]
[1.0, 0.0, 1.0, 0.0, 0.0]
[0, 0, 0, 0, 0.76]
[1.0, 1.0, 1.0, 1.0, 0.0]
[0, 0, 0, 0.8392, 0]
[1.0, 1.0, 1.0, 0.0, 1.0]
[0, 0, 0, 0, 0.7696]
[1.0, 1.0, 1.0, 0.0, 0.0]
[0.646, 0, 0, 0, 0]
[0.0, 0.0, 1.0, 0.0, 0.0]
[0, 0.6616, 0, 0, 0]
[1.0, 0.0, 1.0, 0.0, 0.0]
[0, 0, 0, 0, 0.76]
[1.0, 1.0, 1.0, 1.0, 0.0]
[0, 0, 0, 0.8392, 0]
[1.0, 1.0, 1.0, 0.0, 1.0]
[0, 0, 0, 0, 0.7696]
[1.0, 1.0, 1.0, 0.0, 0.0]
[0.646, 0, 0, 0, 0]
[0.0, 0.0, 1.0, 0.0, 0.0]
[0, 0.6616, 0, 0, 0]
[1.0, 0.0, 1.0, 0.0, 0.0]
[0, 0, 0, 0, 0.76]
[1.0, 1.0, 1.0, 1.0, 0.0]
[0, 0, 0, 0.8392, 0]
[1.0, 1.0, 1.0, 0.0, 1.0]
[0, 0, 0, 0, 0.7696]
[1.0, 1.0, 1.0, 0.0, 0.0]
[0.646, 0, 0, 0, 0]
[0.0, 0.0, 1.0, 0.0, 0.0]
[0, 0.6616, 0, 0, 0]
[1.0, 0.0, 1.0, 0.0, 0.0]
test
test
test
[0, 0.9244, 0, 0, 0]
[1.0, 0.0, 0.0, 1.0, 1.0]
[0, 0, 0.9412, 0, 0]
[1.0, 1.0, 0.0, 1.0, 1.0]
[0.8596, 0, 0, 0, 0]
[0.0, 0.0, 0.0, 1.0, 1.0]
[0, 0, 0, 0.8140000000000001, 0]
[0.0, 0.0, 0.0, 0.0, 1.0]
[0, 0, 0, 0, 0.2704]
[0.0, 0.0, 0.0, 0.0, 0.0]
[0, 0.9244, 0, 0, 0]
[1.0, 0.0, 0.0, 1.0, 1.0]
[0, 0, 0.9412, 0, 0]
[1.0, 1.0, 0.0, 1.0, 1.0]
[0.8596, 0, 0, 0, 0]
[0.0, 0.0, 0.0, 1.0, 1.0]
[0, 0, 0, 0.8140000000000001, 0]
[0.0, 0.0, 0.0, 0.0, 1.0]
[0, 0, 0, 0, 0.2704]
[0.0, 0.0, 0.0, 0.0, 0.0]
[0, 0.9244, 0, 0, 0]
[1.0, 0.0, 0.0, 1.0, 1.0]
[0, 0, 0.9412, 0, 0]
[1.0, 1.0, 0.0, 1.0, 1.0]
[0.8596, 0, 0, 0, 0]
[0.0, 0.0, 0.0, 1.0, 1.0]
[0, 0, 0, 0.8140000000000001, 0]
[0.0, 0.0, 0.0, 0.0, 1.0]
[0, 0, 0, 0, 0.2704]
[0.0, 0.0, 0.0, 0.0, 0.0]
[0, 0.9244, 0, 0, 0]
[1.0, 0.0, 0.0, 1.0, 1.0]
[0, 0, 0.9412, 0, 0]
[1.0, 1.0, 0.0, 1.0, 1.0]
[0.8596, 0, 0, 0, 0]
[0.0, 0.0, 0.0, 1.0, 1.0]
[0, 0, 0, 0.8140000000000001, 0]
[0.0, 0.0, 0.0, 0.0, 1.0]
[0, 0, 0, 0, 0.2704]
[0.0, 0.0, 0.0, 0.0, 0.0]
[0, 0.9244, 0, 0, 0]
[1.0, 0.0, 0.0, 1.0, 1.0]
[0, 0, 0.9412, 0, 0]
[1.0, 1.0, 0.0, 1.0, 1.0]
[0.8596, 0, 0, 0, 0]
[0.0, 0.0, 0.0, 1.0, 1.0]
[0, 0, 0, 0.8140000000000001, 0]
[0.0, 0.0, 0.0, 0.0, 1.0]
[0, 0, 0, 0, 0.2704]
[0.0, 0.0, 0.0, 0.0, 0.0]
test
test
test
test
[0, 0, 0.8715999999999999, 0, 0]
[1.0, 1.0, 0.0, 1.0, 1.0]
[0, 0, 0, 0.7528, 0]
[1.0, 1.0, 0.0, 0.0, 1.0]
[0, 0.5296000000000001, 0, 0, 0]
[1.0, 0.0, 0.0, 0.0, 1.0]
[0, 0, 0, 0, 0.4852000000000001]
[1.0, 0.0, 0.0, 0.0, 0.0]
[0, 0, 0.8715999999999999, 0, 0]
[1.0, 1.0, 0.0, 1.0, 1.0]
[0, 0, 0, 0.7528, 0]
[1.0, 1.0, 0.0, 0.0, 1.0]
[0, 0.5296000000000001, 0, 0, 0]
[1.0, 0.0, 0.0, 0.0, 1.0]
[0, 0, 0, 0, 0.4852000000000001]
[1.0, 0.0, 0.0, 0.0, 0.0]
[0, 0, 0.8715999999999999, 0, 0]
[1.0, 1.0, 0.0, 1.0, 1.0]
[0, 0, 0, 0.7528, 0]
[1.0, 1.0, 0.0, 0.0, 1.0]
[0, 0.5296000000000001, 0, 0, 0]
[1.0, 0.0, 0.0, 0.0, 1.0]
[0, 0, 0, 0, 0.4852000000000001]
[1.0, 0.0, 0.0, 0.0, 0.0]
[0, 0, 0.8715999999999999, 0, 0]
[1.0, 1.0, 0.0, 1.0, 1.0]
[0, 0, 0, 0.7528, 0]
[1.0, 1.0, 0.0, 0.0, 1.0]
[0, 0.5296000000000001, 0, 0, 0]
[1.0, 0.0, 0.0, 0.0, 1.0]
[0, 0, 0, 0, 0.4852000000000001]
[1.0, 0.0, 0.0, 0.0, 0.0]
[0, 0, 0.8715999999999999, 0, 0]
[1.0, 1.0, 0.0, 1.0, 1.0]
[0, 0, 0, 0.7528, 0]
[1.0, 1.0, 0.0, 0.0, 1.0]
[0, 0.5296000000000001, 0, 0, 0]
[1.0, 0.0, 0.0, 0.0, 1.0]
[0, 0, 0, 0, 0.4852000000000001]
[1.0, 0.0, 0.0, 0.0, 0.0]
test
test
test
test
test
test
[1;34mwandb[0m: 🚀 View run [33mwandering-hill-9[0m at: [34mhttps://wandb.ai/eirikreiestad-ntnu/test/runs/hf0vsmuj[0m
Linux idun-05-31 5.14.0-427.13.1.el9_4.x86_64 #1 SMP PREEMPT_DYNAMIC Wed May 1 19:11:28 UTC 2024 x86_64 x86_64 x86_64 GNU/Linux
