mv: cannot stat 'log.txt': No such file or directory

[notice] A new release of pip is available: 24.2 -> 24.3.1
[notice] To update, run: pip install --upgrade pip
wandb: Currently logged in as: eirikreiestad (eirikreiestad-ntnu). Use `wandb login --relogin` to force relogin
wandb: Using wandb-core as the SDK backend.  Please refer to https://wandb.me/wandb-core for more information.
wandb: Currently logged in as: eirikreiestad (eirikreiestad-ntnu). Use `wandb login --relogin` to force relogin
wandb: Tracking run with wandb version 0.19.1
wandb: Run data is saved locally in ./wandb/run-20241227_005632-pyrish7u
wandb: Run `wandb offline` to turn off syncing.
wandb: Syncing run clean-elevator-1
wandb: ⭐️ View project at https://wandb.ai/eirikreiestad-ntnu/multigrid-go-to-goal-cbm
wandb: 🚀 View run at https://wandb.ai/eirikreiestad-ntnu/multigrid-go-to-goal-cbm/runs/pyrish7u
error: XDG_RUNTIME_DIR is invalid or not set in the environment.
WARNING:root:AgentState object was not initialized properly.
WARNING:root:AgentState object was not initialized properly.
WARNING:root:AgentState object was not initialized properly.
WARNING:root:AgentState object was not initialized properly.
WARNING:root:AgentState object was not initialized properly.
WARNING:root:AgentState object was not initialized properly.
WARNING:root:AgentState object was not initialized properly.
WARNING:root:AgentState object was not initialized properly.
WARNING:root:AgentState object was not initialized properly.
WARNING:root:AgentState object was not initialized properly.
WARNING:root:AgentState object was not initialized properly.
WARNING:root:AgentState object was not initialized properly.
WARNING:root:AgentState object was not initialized properly.
WARNING:root:AgentState object was not initialized properly.
WARNING:root:AgentState object was not initialized properly.
WARNING:root:AgentState object was not initialized properly.
WARNING:root:AgentState object was not initialized properly.
WARNING:root:AgentState object was not initialized properly.
WARNING:root:AgentState object was not initialized properly.
WARNING:root:AgentState object was not initialized properly.
WARNING:root:AgentState object was not initialized properly.
WARNING:root:AgentState object was not initialized properly.
WARNING:root:AgentState object was not initialized properly.
WARNING:root:AgentState object was not initialized properly.
WARNING:root:AgentState object was not initialized properly.
WARNING:root:AgentState object was not initialized properly.
WARNING:root:AgentState object was not initialized properly.
WARNING:root:AgentState object was not initialized properly.
WARNING:root:AgentState object was not initialized properly.
WARNING:root:AgentState object was not initialized properly.
WARNING:root:AgentState object was not initialized properly.
WARNING:root:AgentState object was not initialized properly.
WARNING:root:AgentState object was not initialized properly.
WARNING:root:AgentState object was not initialized properly.
WARNING:root:AgentState object was not initialized properly.
WARNING:root:AgentState object was not initialized properly.
WARNING:root:AgentState object was not initialized properly.
WARNING:root:AgentState object was not initialized properly.
WARNING:root:AgentState object was not initialized properly.
WARNING:root:AgentState object was not initialized properly.
WARNING:root:AgentState object was not initialized properly.
WARNING:root:AgentState object was not initialized properly.
WARNING:root:AgentState object was not initialized properly.
WARNING:root:AgentState object was not initialized properly.
WARNING:root:AgentState object was not initialized properly.
WARNING:root:AgentState object was not initialized properly.
WARNING:root:AgentState object was not initialized properly.
WARNING:root:AgentState object was not initialized properly.
WARNING:root:AgentState object was not initialized properly.
WARNING:root:AgentState object was not initialized properly.
WARNING:root:AgentState object was not initialized properly.
WARNING:root:AgentState object was not initialized properly.
WARNING:root:AgentState object was not initialized properly.
WARNING:root:AgentState object was not initialized properly.
WARNING:root:AgentState object was not initialized properly.
WARNING:root:AgentState object was not initialized properly.
WARNING:root:AgentState object was not initialized properly.
WARNING:root:AgentState object was not initialized properly.
WARNING:root:AgentState object was not initialized properly.
WARNING:root:AgentState object was not initialized properly.
WARNING:root:AgentState object was not initialized properly.
WARNING:root:AgentState object was not initialized properly.
WARNING:root:AgentState object was not initialized properly.
WARNING:root:AgentState object was not initialized properly.
WARNING:root:AgentState object was not initialized properly.
WARNING:root:AgentState object was not initialized properly.
WARNING:root:AgentState object was not initialized properly.
WARNING:root:AgentState object was not initialized properly.
WARNING:root:AgentState object was not initialized properly.
WARNING:root:AgentState object was not initialized properly.
WARNING:root:AgentState object was not initialized properly.
WARNING:root:AgentState object was not initialized properly.
WARNING:root:AgentState object was not initialized properly.
WARNING:root:AgentState object was not initialized properly.
WARNING:root:AgentState object was not initialized properly.
WARNING:root:AgentState object was not initialized properly.
WARNING:root:AgentState object was not initialized properly.
WARNING:root:AgentState object was not initialized properly.
WARNING:root:AgentState object was not initialized properly.
WARNING:root:AgentState object was not initialized properly.
WARNING:root:AgentState object was not initialized properly.
WARNING:root:AgentState object was not initialized properly.
WARNING:root:AgentState object was not initialized properly.
WARNING:root:AgentState object was not initialized properly.
WARNING:root:AgentState object was not initialized properly.
WARNING:root:AgentState object was not initialized properly.
WARNING:root:AgentState object was not initialized properly.
WARNING:root:AgentState object was not initialized properly.
WARNING:root:AgentState object was not initialized properly.
WARNING:root:AgentState object was not initialized properly.
WARNING:root:AgentState object was not initialized properly.
WARNING:root:AgentState object was not initialized properly.
WARNING:root:AgentState object was not initialized properly.
WARNING:root:AgentState object was not initialized properly.
WARNING:root:AgentState object was not initialized properly.
WARNING:root:AgentState object was not initialized properly.
WARNING:root:AgentState object was not initialized properly.
WARNING:root:AgentState object was not initialized properly.
WARNING:root:AgentState object was not initialized properly.
WARNING:root:AgentState object was not initialized properly.
WARNING:root:AgentState object was not initialized properly.
WARNING:root:AgentState object was not initialized properly.
WARNING:root:AgentState object was not initialized properly.
WARNING:root:AgentState object was not initialized properly.
WARNING:root:AgentState object was not initialized properly.
WARNING:root:AgentState object was not initialized properly.
WARNING:root:AgentState object was not initialized properly.
WARNING:root:AgentState object was not initialized properly.
WARNING:root:AgentState object was not initialized properly.
WARNING:root:AgentState object was not initialized properly.
WARNING:root:AgentState object was not initialized properly.
WARNING:root:AgentState object was not initialized properly.
WARNING:root:AgentState object was not initialized properly.
WARNING:root:AgentState object was not initialized properly.
WARNING:root:AgentState object was not initialized properly.
WARNING:root:AgentState object was not initialized properly.
WARNING:root:AgentState object was not initialized properly.
WARNING:root:AgentState object was not initialized properly.
WARNING:root:AgentState object was not initialized properly.
WARNING:root:AgentState object was not initialized properly.
WARNING:root:AgentState object was not initialized properly.
WARNING:root:AgentState object was not initialized properly.
WARNING:root:AgentState object was not initialized properly.
WARNING:root:AgentState object was not initialized properly.
WARNING:root:AgentState object was not initialized properly.
WARNING:root:AgentState object was not initialized properly.
WARNING:root:AgentState object was not initialized properly.
WARNING:root:AgentState object was not initialized properly.
WARNING:root:AgentState object was not initialized properly.
WARNING:root:AgentState object was not initialized properly.
WARNING:root:AgentState object was not initialized properly.
WARNING:root:AgentState object was not initialized properly.
WARNING:root:AgentState object was not initialized properly.
WARNING:root:AgentState object was not initialized properly.
WARNING:root:AgentState object was not initialized properly.
WARNING:root:AgentState object was not initialized properly.
WARNING:root:AgentState object was not initialized properly.
WARNING:root:AgentState object was not initialized properly.
WARNING:root:AgentState object was not initialized properly.
WARNING:root:AgentState object was not initialized properly.
WARNING:root:AgentState object was not initialized properly.
WARNING:root:AgentState object was not initialized properly.
WARNING:root:AgentState object was not initialized properly.
WARNING:root:AgentState object was not initialized properly.
WARNING:root:AgentState object was not initialized properly.
WARNING:root:AgentState object was not initialized properly.
WARNING:root:AgentState object was not initialized properly.
WARNING:root:AgentState object was not initialized properly.
WARNING:root:AgentState object was not initialized properly.
WARNING:root:AgentState object was not initialized properly.
WARNING:root:AgentState object was not initialized properly.
WARNING:root:AgentState object was not initialized properly.
WARNING:root:AgentState object was not initialized properly.
WARNING:root:AgentState object was not initialized properly.
WARNING:root:AgentState object was not initialized properly.
WARNING:root:AgentState object was not initialized properly.
WARNING:root:AgentState object was not initialized properly.
WARNING:root:AgentState object was not initialized properly.
WARNING:root:AgentState object was not initialized properly.
WARNING:root:AgentState object was not initialized properly.
WARNING:root:AgentState object was not initialized properly.
WARNING:root:AgentState object was not initialized properly.
WARNING:root:AgentState object was not initialized properly.
WARNING:root:AgentState object was not initialized properly.
WARNING:root:AgentState object was not initialized properly.
WARNING:root:AgentState object was not initialized properly.
WARNING:root:AgentState object was not initialized properly.
WARNING:root:AgentState object was not initialized properly.
WARNING:root:AgentState object was not initialized properly.
WARNING:root:AgentState object was not initialized properly.
WARNING:root:AgentState object was not initialized properly.
WARNING:root:AgentState object was not initialized properly.
WARNING:root:AgentState object was not initialized properly.
WARNING:root:AgentState object was not initialized properly.
WARNING:root:AgentState object was not initialized properly.
WARNING:root:AgentState object was not initialized properly.
WARNING:root:AgentState object was not initialized properly.
WARNING:root:AgentState object was not initialized properly.
WARNING:root:AgentState object was not initialized properly.
WARNING:root:AgentState object was not initialized properly.
WARNING:root:AgentState object was not initialized properly.
WARNING:root:AgentState object was not initialized properly.
WARNING:root:AgentState object was not initialized properly.
WARNING:root:AgentState object was not initialized properly.
WARNING:root:AgentState object was not initialized properly.
WARNING:root:AgentState object was not initialized properly.
