mv: cannot stat 'log.txt': No such file or directory

[notice] A new release of pip is available: 24.2 -> 24.3.1
[notice] To update, run: pip install --upgrade pip
wandb: Currently logged in as: eirikreiestad (eirikreiestad-ntnu). Use `wandb login --relogin` to force relogin
wandb: Using wandb-core as the SDK backend.  Please refer to https://wandb.me/wandb-core for more information.
wandb: Currently logged in as: eirikreiestad (eirikreiestad-ntnu). Use `wandb login --relogin` to force relogin
wandb: Tracking run with wandb version 0.19.1
wandb: Run data is saved locally in ./wandb/run-20250120_104614-v3hlvkfj
wandb: Run `wandb offline` to turn off syncing.
wandb: Syncing run laced-sound-10
wandb: ⭐️ View project at https://wandb.ai/eirikreiestad-ntnu/test
wandb: 🚀 View run at https://wandb.ai/eirikreiestad-ntnu/test/runs/v3hlvkfj
ERROR:root:Error: Could not save gif: cannot identify image file '/cluster/work/eirre/multigrid/assets/temp.gif'
ERROR:root:Error: Could not save gif: cannot identify image file '/cluster/work/eirre/multigrid/assets/temp.gif'
Traceback (most recent call last):
  File "/cluster/work/eirre/multigrid/examples/go_to_goal.py", line 33, in <module>
    ppo.learn()
  File "/cluster/work/eirre/multigrid/rllib/algorithms/algorithm.py", line 35, in learn
    self.collect_rollouts()
  File "/cluster/work/eirre/multigrid/rllib/algorithms/algorithm.py", line 57, in collect_rollouts
    self.train_step(
  File "/cluster/work/eirre/multigrid/rllib/algorithms/ppo/ppo.py", line 84, in train_step
    self._optimize_model()
  File "/cluster/work/eirre/multigrid/rllib/algorithms/ppo/ppo.py", line 147, in _optimize_model
    self._optimize_model_batch()
  File "/cluster/work/eirre/multigrid/rllib/algorithms/ppo/ppo.py", line 155, in _optimize_model_batch
    self._optimize_model_minibatch(batch)
  File "/cluster/work/eirre/multigrid/rllib/algorithms/ppo/ppo.py", line 180, in _optimize_model_minibatch
    _, action_probs, value = self._predict(state, requires_grad=True)
                             ^^^^^^^^^^^^^^^^^^^^^^^^^^^^^^^^^^^^^^^^
  File "/cluster/work/eirre/multigrid/rllib/algorithms/ppo/ppo.py", line 109, in _predict
    action_probabilities, policy_values = self._get_policy_values(
                                          ^^^^^^^^^^^^^^^^^^^^^^^^
  File "/cluster/work/eirre/multigrid/rllib/algorithms/ppo/ppo.py", line 138, in _get_policy_values
    return self._policy_net(*torch_observations)
           ^^^^^^^^^^^^^^^^^^^^^^^^^^^^^^^^^^^^^
  File "/cluster/home/eirre/.cache/pypoetry/virtualenvs/multigrid-bWhHBrRx-py3.11/lib/python3.11/site-packages/torch/nn/modules/module.py", line 1736, in _wrapped_call_impl
    return self._call_impl(*args, **kwargs)
           ^^^^^^^^^^^^^^^^^^^^^^^^^^^^^^^^
  File "/cluster/home/eirre/.cache/pypoetry/virtualenvs/multigrid-bWhHBrRx-py3.11/lib/python3.11/site-packages/torch/nn/modules/module.py", line 1747, in _call_impl
    return forward_call(*args, **kwargs)
           ^^^^^^^^^^^^^^^^^^^^^^^^^^^^^
  File "/cluster/work/eirre/multigrid/rllib/core/network/actor_critic_multi_input_network.py", line 44, in forward
    x_img = self._conv0(x_img)
            ^^^^^^^^^^^^^^^^^^
  File "/cluster/home/eirre/.cache/pypoetry/virtualenvs/multigrid-bWhHBrRx-py3.11/lib/python3.11/site-packages/torch/nn/modules/module.py", line 1736, in _wrapped_call_impl
    return self._call_impl(*args, **kwargs)
           ^^^^^^^^^^^^^^^^^^^^^^^^^^^^^^^^
  File "/cluster/home/eirre/.cache/pypoetry/virtualenvs/multigrid-bWhHBrRx-py3.11/lib/python3.11/site-packages/torch/nn/modules/module.py", line 1747, in _call_impl
    return forward_call(*args, **kwargs)
           ^^^^^^^^^^^^^^^^^^^^^^^^^^^^^
  File "/cluster/work/eirre/multigrid/rllib/core/network/processor.py", line 14, in forward
    return self.conv_layers(x)
           ^^^^^^^^^^^^^^^^^^^
  File "/cluster/home/eirre/.cache/pypoetry/virtualenvs/multigrid-bWhHBrRx-py3.11/lib/python3.11/site-packages/torch/nn/modules/module.py", line 1736, in _wrapped_call_impl
    return self._call_impl(*args, **kwargs)
           ^^^^^^^^^^^^^^^^^^^^^^^^^^^^^^^^
  File "/cluster/home/eirre/.cache/pypoetry/virtualenvs/multigrid-bWhHBrRx-py3.11/lib/python3.11/site-packages/torch/nn/modules/module.py", line 1747, in _call_impl
    return forward_call(*args, **kwargs)
           ^^^^^^^^^^^^^^^^^^^^^^^^^^^^^
  File "/cluster/home/eirre/.cache/pypoetry/virtualenvs/multigrid-bWhHBrRx-py3.11/lib/python3.11/site-packages/torch/nn/modules/container.py", line 250, in forward
    input = module(input)
            ^^^^^^^^^^^^^
  File "/cluster/home/eirre/.cache/pypoetry/virtualenvs/multigrid-bWhHBrRx-py3.11/lib/python3.11/site-packages/torch/nn/modules/module.py", line 1736, in _wrapped_call_impl
    return self._call_impl(*args, **kwargs)
           ^^^^^^^^^^^^^^^^^^^^^^^^^^^^^^^^
  File "/cluster/home/eirre/.cache/pypoetry/virtualenvs/multigrid-bWhHBrRx-py3.11/lib/python3.11/site-packages/torch/nn/modules/module.py", line 1747, in _call_impl
    return forward_call(*args, **kwargs)
           ^^^^^^^^^^^^^^^^^^^^^^^^^^^^^
  File "/cluster/home/eirre/.cache/pypoetry/virtualenvs/multigrid-bWhHBrRx-py3.11/lib/python3.11/site-packages/torch/nn/modules/activation.py", line 133, in forward
    return F.relu(input, inplace=self.inplace)
           ^^^^^^^^^^^^^^^^^^^^^^^^^^^^^^^^^^^
  File "/cluster/home/eirre/.cache/pypoetry/virtualenvs/multigrid-bWhHBrRx-py3.11/lib/python3.11/site-packages/torch/nn/functional.py", line 1704, in relu
    result = torch.relu(input)
             ^^^^^^^^^^^^^^^^^
KeyboardInterrupt
