mv: cannot stat 'log.txt': No such file or directory

[notice] A new release of pip is available: 24.2 -> 24.3.1
[notice] To update, run: pip install --upgrade pip
wandb: Currently logged in as: eirikreiestad (eirikreiestad-ntnu). Use `wandb login --relogin` to force relogin
wandb: Using wandb-core as the SDK backend.  Please refer to https://wandb.me/wandb-core for more information.
wandb: Currently logged in as: eirikreiestad (eirikreiestad-ntnu). Use `wandb login --relogin` to force relogin
wandb: Tracking run with wandb version 0.19.1
wandb: Run data is saved locally in ./wandb/run-20250120_193456-o9rs1ta5
wandb: Run `wandb offline` to turn off syncing.
wandb: Syncing run mild-dream-1
wandb: ⭐️ View project at https://wandb.ai/eirikreiestad-ntnu/test
wandb: 🚀 View run at https://wandb.ai/eirikreiestad-ntnu/test/runs/o9rs1ta5
Traceback (most recent call last):
  File "/cluster/work/eirre/multigrid/examples/go_to_goal.py", line 33, in <module>
    ppo.learn()
  File "/cluster/work/eirre/multigrid/rllib/algorithms/algorithm.py", line 35, in learn
    self.collect_rollouts()
  File "/cluster/work/eirre/multigrid/rllib/algorithms/algorithm.py", line 57, in collect_rollouts
    self.train_step(
  File "/cluster/work/eirre/multigrid/rllib/algorithms/ppo/ppo.py", line 85, in train_step
    self._optimize_model()
  File "/cluster/work/eirre/multigrid/rllib/algorithms/ppo/ppo.py", line 153, in _optimize_model
    self._optimize_model_batch()
  File "/cluster/work/eirre/multigrid/rllib/algorithms/ppo/ppo.py", line 161, in _optimize_model_batch
    self._optimize_model_minibatch(batch)
  File "/cluster/work/eirre/multigrid/rllib/algorithms/ppo/ppo.py", line 186, in _optimize_model_minibatch
    _, action_probs, value = self._predict(state, requires_grad=True)
                             ^^^^^^^^^^^^^^^^^^^^^^^^^^^^^^^^^^^^^^^^
  File "/cluster/work/eirre/multigrid/rllib/algorithms/ppo/ppo.py", line 117, in _predict
    action, log_prob = self._get_action(action_logit)
                       ^^^^^^^^^^^^^^^^^^^^^^^^^^^^^^
  File "/cluster/work/eirre/multigrid/rllib/algorithms/ppo/ppo.py", line 134, in _get_action
    dist = torch.distributions.Categorical(logits=action_logits)
           ^^^^^^^^^^^^^^^^^^^^^^^^^^^^^^^^^^^^^^^^^^^^^^^^^^^^^
  File "/cluster/home/eirre/.cache/pypoetry/virtualenvs/multigrid-bWhHBrRx-py3.11/lib/python3.11/site-packages/torch/distributions/categorical.py", line 66, in __init__
    self.logits = logits - logits.logsumexp(dim=-1, keepdim=True)
                           ^^^^^^^^^^^^^^^^^^^^^^^^^^^^^^^^^^^^^^
KeyboardInterrupt
