mv: cannot stat 'log.txt': No such file or directory

[notice] A new release of pip is available: 24.2 -> 24.3.1
[notice] To update, run: pip install --upgrade pip
wandb: Currently logged in as: eirikreiestad (eirikreiestad-ntnu). Use `wandb login --relogin` to force relogin
wandb: Using wandb-core as the SDK backend.  Please refer to https://wandb.me/wandb-core for more information.
wandb: Currently logged in as: eirikreiestad (eirikreiestad-ntnu). Use `wandb login --relogin` to force relogin
wandb: Tracking run with wandb version 0.19.1
wandb: Run data is saved locally in ./wandb/run-20250121_160659-xhao4xpd
wandb: Run `wandb offline` to turn off syncing.
wandb: Syncing run brisk-frost-6
wandb: ⭐️ View project at https://wandb.ai/eirikreiestad-ntnu/test
wandb: 🚀 View run at https://wandb.ai/eirikreiestad-ntnu/test/runs/xhao4xpd
Traceback (most recent call last):
  File "/cluster/work/eirre/multigrid/examples/go_to_goal.py", line 33, in <module>
    ppo.learn()
  File "/cluster/work/eirre/multigrid/rllib/algorithms/algorithm.py", line 35, in learn
    self.collect_rollouts()
  File "/cluster/work/eirre/multigrid/rllib/algorithms/algorithm.py", line 57, in collect_rollouts
    self.train_step(
  File "/cluster/work/eirre/multigrid/rllib/algorithms/ppo/ppo.py", line 85, in train_step
    self._optimize_model()
  File "/cluster/work/eirre/multigrid/rllib/algorithms/ppo/ppo.py", line 153, in _optimize_model
    self._optimize_model_batch()
  File "/cluster/work/eirre/multigrid/rllib/algorithms/ppo/ppo.py", line 161, in _optimize_model_batch
    self._optimize_model_minibatch(batch)
  File "/cluster/work/eirre/multigrid/rllib/algorithms/ppo/ppo.py", line 172, in _optimize_model_minibatch
    loss += self._optimize_model_minibatch_episode(buff)
            ^^^^^^^^^^^^^^^^^^^^^^^^^^^^^^^^^^^^^^^^^^^^
  File "/cluster/work/eirre/multigrid/rllib/algorithms/ppo/ppo.py", line 199, in _optimize_model_minibatch_episode
    _, action_probs, value = self._predict(state, requires_grad=True)
                             ^^^^^^^^^^^^^^^^^^^^^^^^^^^^^^^^^^^^^^^^
  File "/cluster/work/eirre/multigrid/rllib/algorithms/ppo/ppo.py", line 110, in _predict
    action_probabilities, policy_values = self._get_policy_values(
                                          ^^^^^^^^^^^^^^^^^^^^^^^^
  File "/cluster/work/eirre/multigrid/rllib/algorithms/ppo/ppo.py", line 144, in _get_policy_values
    return self._policy_net(*torch_observations)
           ^^^^^^^^^^^^^^^^^^^^^^^^^^^^^^^^^^^^^
  File "/cluster/home/eirre/.cache/pypoetry/virtualenvs/multigrid-bWhHBrRx-py3.11/lib/python3.11/site-packages/torch/nn/modules/module.py", line 1736, in _wrapped_call_impl
    return self._call_impl(*args, **kwargs)
           ^^^^^^^^^^^^^^^^^^^^^^^^^^^^^^^^
  File "/cluster/home/eirre/.cache/pypoetry/virtualenvs/multigrid-bWhHBrRx-py3.11/lib/python3.11/site-packages/torch/nn/modules/module.py", line 1747, in _call_impl
    return forward_call(*args, **kwargs)
           ^^^^^^^^^^^^^^^^^^^^^^^^^^^^^
  File "/cluster/work/eirre/multigrid/rllib/core/network/actor_critic_multi_input_network.py", line 43, in forward
    x_img = self._conv0(x_img)
            ^^^^^^^^^^^^^^^^^^
  File "/cluster/home/eirre/.cache/pypoetry/virtualenvs/multigrid-bWhHBrRx-py3.11/lib/python3.11/site-packages/torch/nn/modules/module.py", line 1736, in _wrapped_call_impl
    return self._call_impl(*args, **kwargs)
           ^^^^^^^^^^^^^^^^^^^^^^^^^^^^^^^^
  File "/cluster/home/eirre/.cache/pypoetry/virtualenvs/multigrid-bWhHBrRx-py3.11/lib/python3.11/site-packages/torch/nn/modules/module.py", line 1747, in _call_impl
    return forward_call(*args, **kwargs)
           ^^^^^^^^^^^^^^^^^^^^^^^^^^^^^
  File "/cluster/work/eirre/multigrid/rllib/core/network/processor.py", line 14, in forward
    return self.conv_layers(x)
           ^^^^^^^^^^^^^^^^^^^
  File "/cluster/home/eirre/.cache/pypoetry/virtualenvs/multigrid-bWhHBrRx-py3.11/lib/python3.11/site-packages/torch/nn/modules/module.py", line 1736, in _wrapped_call_impl
    return self._call_impl(*args, **kwargs)
           ^^^^^^^^^^^^^^^^^^^^^^^^^^^^^^^^
  File "/cluster/home/eirre/.cache/pypoetry/virtualenvs/multigrid-bWhHBrRx-py3.11/lib/python3.11/site-packages/torch/nn/modules/module.py", line 1747, in _call_impl
    return forward_call(*args, **kwargs)
           ^^^^^^^^^^^^^^^^^^^^^^^^^^^^^
  File "/cluster/home/eirre/.cache/pypoetry/virtualenvs/multigrid-bWhHBrRx-py3.11/lib/python3.11/site-packages/torch/nn/modules/container.py", line 250, in forward
    input = module(input)
            ^^^^^^^^^^^^^
  File "/cluster/home/eirre/.cache/pypoetry/virtualenvs/multigrid-bWhHBrRx-py3.11/lib/python3.11/site-packages/torch/nn/modules/module.py", line 1736, in _wrapped_call_impl
    return self._call_impl(*args, **kwargs)
           ^^^^^^^^^^^^^^^^^^^^^^^^^^^^^^^^
  File "/cluster/home/eirre/.cache/pypoetry/virtualenvs/multigrid-bWhHBrRx-py3.11/lib/python3.11/site-packages/torch/nn/modules/module.py", line 1747, in _call_impl
    return forward_call(*args, **kwargs)
           ^^^^^^^^^^^^^^^^^^^^^^^^^^^^^
  File "/cluster/home/eirre/.cache/pypoetry/virtualenvs/multigrid-bWhHBrRx-py3.11/lib/python3.11/site-packages/torch/nn/modules/activation.py", line 133, in forward
    return F.relu(input, inplace=self.inplace)
           ^^^^^^^^^^^^^^^^^^^^^^^^^^^^^^^^^^^
  File "/cluster/home/eirre/.cache/pypoetry/virtualenvs/multigrid-bWhHBrRx-py3.11/lib/python3.11/site-packages/torch/nn/functional.py", line 1704, in relu
    result = torch.relu(input)
             ^^^^^^^^^^^^^^^^^
  File "/cluster/home/eirre/.cache/pypoetry/virtualenvs/multigrid-bWhHBrRx-py3.11/lib/python3.11/site-packages/torch/fx/traceback.py", line 72, in format_stack
    return traceback.format_list(traceback.extract_stack()[:-1])
                                 ^^^^^^^^^^^^^^^^^^^^^^^^^
  File "/cluster/apps/eb/software/Python/3.11.3-GCCcore-12.3.0/lib/python3.11/traceback.py", line 231, in extract_stack
    stack = StackSummary.extract(walk_stack(f), limit=limit)
            ^^^^^^^^^^^^^^^^^^^^^^^^^^^^^^^^^^^^^^^^^^^^^^^^
  File "/cluster/apps/eb/software/Python/3.11.3-GCCcore-12.3.0/lib/python3.11/traceback.py", line 393, in extract
    return klass._extract_from_extended_frame_gen(
           ^^^^^^^^^^^^^^^^^^^^^^^^^^^^^^^^^^^^^^^
  File "/cluster/apps/eb/software/Python/3.11.3-GCCcore-12.3.0/lib/python3.11/traceback.py", line 432, in _extract_from_extended_frame_gen
    linecache.checkcache(filename)
  File "/cluster/apps/eb/software/Python/3.11.3-GCCcore-12.3.0/lib/python3.11/linecache.py", line 72, in checkcache
    stat = os.stat(fullname)
           ^^^^^^^^^^^^^^^^^
KeyboardInterrupt
