mv: cannot stat 'log.txt': No such file or directory

[notice] A new release of pip is available: 24.2 -> 24.3.1
[notice] To update, run: pip install --upgrade pip
wandb: Currently logged in as: eirikreiestad (eirikreiestad-ntnu). Use `wandb login --relogin` to force relogin
wandb: Using wandb-core as the SDK backend.  Please refer to https://wandb.me/wandb-core for more information.
wandb: Currently logged in as: eirikreiestad (eirikreiestad-ntnu). Use `wandb login --relogin` to force relogin
wandb: Tracking run with wandb version 0.19.1
wandb: Run data is saved locally in ./wandb/run-20250120_104614-vhofn4r9
wandb: Run `wandb offline` to turn off syncing.
wandb: Syncing run curious-breeze-11
wandb: ⭐️ View project at https://wandb.ai/eirikreiestad-ntnu/test
wandb: 🚀 View run at https://wandb.ai/eirikreiestad-ntnu/test/runs/vhofn4r9
ERROR:root:Error: Could not save gif: cannot identify image file '/cluster/work/eirre/multigrid/assets/temp.gif'
ERROR:root:Error: Could not save gif: cannot identify image file '/cluster/work/eirre/multigrid/assets/temp.gif'
ERROR:root:Error: Could not save gif: cannot identify image file '/cluster/work/eirre/multigrid/assets/temp.gif'
ERROR:root:Error: Could not save gif: cannot identify image file '/cluster/work/eirre/multigrid/assets/temp.gif'
ERROR:root:Error: Could not save gif: cannot identify image file '/cluster/work/eirre/multigrid/assets/temp.gif'
ERROR:root:Error: Could not save gif: cannot identify image file '/cluster/work/eirre/multigrid/assets/temp.gif'
ERROR:root:Error: Could not save gif: cannot identify image file '/cluster/work/eirre/multigrid/assets/temp.gif'
ERROR:root:Error: Could not save gif: cannot identify image file '/cluster/work/eirre/multigrid/assets/temp.gif'
ERROR:root:Error: Could not save gif: cannot identify image file '/cluster/work/eirre/multigrid/assets/temp.gif'
ERROR:root:Error: Could not save gif: cannot identify image file '/cluster/work/eirre/multigrid/assets/temp.gif'
ERROR:root:Error: Could not save gif: cannot identify image file '/cluster/work/eirre/multigrid/assets/temp.gif'
Traceback (most recent call last):
  File "/cluster/work/eirre/multigrid/examples/go_to_goal.py", line 33, in <module>
    ppo.learn()
  File "/cluster/work/eirre/multigrid/rllib/algorithms/algorithm.py", line 38, in learn
    self.commit_log()
  File "/cluster/work/eirre/multigrid/utils/core/wandb.py", line 142, in commit_log
    self._commit_frames()
  File "/cluster/work/eirre/multigrid/utils/core/wandb.py", line 156, in _commit_frames
    save_gif(self._frames, gif_path)
  File "/cluster/work/eirre/multigrid/rllib/utils/image.py", line 18, in save_gif
    pil_images[0].save(
  File "/cluster/home/eirre/.cache/pypoetry/virtualenvs/multigrid-bWhHBrRx-py3.11/lib/python3.11/site-packages/PIL/Image.py", line 2605, in save
    save_handler(self, fp, filename)
  File "/cluster/home/eirre/.cache/pypoetry/virtualenvs/multigrid-bWhHBrRx-py3.11/lib/python3.11/site-packages/PIL/GifImagePlugin.py", line 774, in _save_all
    _save(im, fp, filename, save_all=True)
  File "/cluster/home/eirre/.cache/pypoetry/virtualenvs/multigrid-bWhHBrRx-py3.11/lib/python3.11/site-packages/PIL/GifImagePlugin.py", line 787, in _save
    if not save_all or not _write_multiple_frames(im, fp, palette):
                           ^^^^^^^^^^^^^^^^^^^^^^^^^^^^^^^^^^^^^^^
  File "/cluster/home/eirre/.cache/pypoetry/virtualenvs/multigrid-bWhHBrRx-py3.11/lib/python3.11/site-packages/PIL/GifImagePlugin.py", line 739, in _write_multiple_frames
    mask = ImageMath.lambda_eval(
           ^^^^^^^^^^^^^^^^^^^^^^
  File "/cluster/home/eirre/.cache/pypoetry/virtualenvs/multigrid-bWhHBrRx-py3.11/lib/python3.11/site-packages/PIL/ImageMath.py", line 236, in lambda_eval
    def lambda_eval(
    
KeyboardInterrupt
