mv: cannot stat 'log.txt': No such file or directory

[notice] A new release of pip is available: 24.2 -> 24.3.1
[notice] To update, run: pip install --upgrade pip
wandb: Currently logged in as: eirikreiestad (eirikreiestad-ntnu). Use `wandb login --relogin` to force relogin
wandb: Using wandb-core as the SDK backend.  Please refer to https://wandb.me/wandb-core for more information.
wandb: Currently logged in as: eirikreiestad (eirikreiestad-ntnu). Use `wandb login --relogin` to force relogin
wandb: Tracking run with wandb version 0.19.1
wandb: Run data is saved locally in ./wandb/run-20250121_140930-8vr3yj8y
wandb: Run `wandb offline` to turn off syncing.
wandb: Syncing run effortless-brook-4
wandb: ⭐️ View project at https://wandb.ai/eirikreiestad-ntnu/test
wandb: 🚀 View run at https://wandb.ai/eirikreiestad-ntnu/test/runs/8vr3yj8y
Traceback (most recent call last):
  File "/cluster/work/eirre/multigrid/examples/go_to_goal.py", line 33, in <module>
    ppo.learn()
  File "/cluster/work/eirre/multigrid/rllib/algorithms/algorithm.py", line 35, in learn
    self.collect_rollouts()
  File "/cluster/work/eirre/multigrid/rllib/algorithms/algorithm.py", line 54, in collect_rollouts
    next_observations, rewards, terminations, truncations, infos = self.step(
                                                                   ^^^^^^^^^^
  File "/cluster/work/eirre/multigrid/rllib/algorithms/algorithm.py", line 106, in step
    dict[AgentID, dict[str, Any]],
                                   
  File "/cluster/work/eirre/multigrid/multigrid/envs/go_to_goal.py", line 36, in step
    observations, rewards, terminations, truncations, info = super().step(actions)
                                                             ^^^^^^^^^^^^^^^^^^^^^
  File "/cluster/work/eirre/multigrid/multigrid/base.py", line 142, in step
    self.render()
  File "/cluster/work/eirre/multigrid/multigrid/base.py", line 178, in render
    pg.display.flip()
KeyboardInterrupt
