mv: cannot stat 'log.txt': No such file or directory

[notice] A new release of pip is available: 24.2 -> 24.3.1
[notice] To update, run: pip install --upgrade pip
wandb: Currently logged in as: eirikreiestad (eirikreiestad-ntnu). Use `wandb login --relogin` to force relogin
wandb: Using wandb-core as the SDK backend.  Please refer to https://wandb.me/wandb-core for more information.
wandb: Currently logged in as: eirikreiestad (eirikreiestad-ntnu). Use `wandb login --relogin` to force relogin
wandb: Tracking run with wandb version 0.19.1
wandb: Run data is saved locally in ./wandb/run-20250105_174030-xyc8lk2j
wandb: Run `wandb offline` to turn off syncing.
wandb: Syncing run ancient-water-7
wandb: ⭐️ View project at https://wandb.ai/eirikreiestad-ntnu/multigrid-cleanupv0
wandb: 🚀 View run at https://wandb.ai/eirikreiestad-ntnu/multigrid-cleanupv0/runs/xyc8lk2j
error: XDG_RUNTIME_DIR is invalid or not set in the environment.
ERROR:root:Error: Could not save gif: cannot identify image file '/cluster/work/eirre/multigrid/assets/temp.gif'
ERROR:root:Error: Could not save gif: cannot identify image file '/cluster/work/eirre/multigrid/assets/temp.gif'
ERROR:root:Error: Could not save gif: cannot identify image file '/cluster/work/eirre/multigrid/assets/temp.gif'
ERROR:root:Error: Could not save gif: cannot identify image file '/cluster/work/eirre/multigrid/assets/temp.gif'
ERROR:root:Error: Could not save gif: cannot identify image file '/cluster/work/eirre/multigrid/assets/temp.gif'
ERROR:root:Error: Could not save gif: cannot identify image file '/cluster/work/eirre/multigrid/assets/temp.gif'
ERROR:root:Error: Could not save gif: cannot identify image file '/cluster/work/eirre/multigrid/assets/temp.gif'
ERROR:root:Error: Could not save gif: cannot identify image file '/cluster/work/eirre/multigrid/assets/temp.gif'
ERROR:root:Error: Could not save gif: cannot identify image file '/cluster/work/eirre/multigrid/assets/temp.gif'
ERROR:root:Error: Could not save gif: cannot identify image file '/cluster/work/eirre/multigrid/assets/temp.gif'
ERROR:root:Error: Could not save gif: cannot identify image file '/cluster/work/eirre/multigrid/assets/temp.gif'
ERROR:root:Error: Could not save gif: cannot identify image file '/cluster/work/eirre/multigrid/assets/temp.gif'
ERROR:root:Error: Could not save gif: cannot identify image file '/cluster/work/eirre/multigrid/assets/temp.gif'
ERROR:root:Error: Could not save gif: cannot identify image file '/cluster/work/eirre/multigrid/assets/temp.gif'
ERROR:root:Error: Could not save gif: cannot identify image file '/cluster/work/eirre/multigrid/assets/temp.gif'
ERROR:root:Error: Could not save gif: cannot identify image file '/cluster/work/eirre/multigrid/assets/temp.gif'
ERROR:root:Error: Could not save gif: cannot identify image file '/cluster/work/eirre/multigrid/assets/temp.gif'
ERROR:root:Error: Could not save gif: cannot identify image file '/cluster/work/eirre/multigrid/assets/temp.gif'
ERROR:root:Error: Could not save gif: cannot identify image file '/cluster/work/eirre/multigrid/assets/temp.gif'
ERROR:root:Error: Could not save gif: cannot identify image file '/cluster/work/eirre/multigrid/assets/temp.gif'
